ERROR - 2023-04-26 02:28:56 --> Error connecting to the database: No such file or directory
CRITICAL - 2023-04-26 02:28:56 --> Unable to connect to the database.
Main connection [MySQLi]: No such file or directory
#0 /app/myapp/system/Database/BaseConnection.php(577): CodeIgniter\Database\BaseConnection->initialize()
#1 /app/myapp/system/Database/BaseBuilder.php(1455): CodeIgniter\Database\BaseConnection->query()
#2 /app/myapp/system/Model.php(210): CodeIgniter\Database\BaseBuilder->get()
#3 /app/myapp/system/BaseModel.php(622): CodeIgniter\Model->doFirst()
#4 /app/myapp/app/Models/Synthese_model.php(22): CodeIgniter\BaseModel->first()
#5 /app/myapp/app/Controllers/Synthese.php(15): App\Models\Synthese_model->retrieveAll()
#6 /app/myapp/system/CodeIgniter.php(825): App\Controllers\Synthese->test()
#7 /app/myapp/system/CodeIgniter.php(412): CodeIgniter\CodeIgniter->runController()
#8 /app/myapp/system/CodeIgniter.php(320): CodeIgniter\CodeIgniter->handleRequest()
#9 /app/myapp/public/index.php(37): CodeIgniter\CodeIgniter->run()
#10 {main}
ERROR - 2023-04-26 02:30:58 --> Error connecting to the database: No such file or directory
CRITICAL - 2023-04-26 02:30:58 --> Unable to connect to the database.
Main connection [MySQLi]: No such file or directory
#0 /app/myapp/system/Database/BaseConnection.php(577): CodeIgniter\Database\BaseConnection->initialize()
#1 /app/myapp/system/Database/BaseBuilder.php(1455): CodeIgniter\Database\BaseConnection->query()
#2 /app/myapp/system/Model.php(210): CodeIgniter\Database\BaseBuilder->get()
#3 /app/myapp/system/BaseModel.php(622): CodeIgniter\Model->doFirst()
#4 /app/myapp/app/Models/Synthese_model.php(22): CodeIgniter\BaseModel->first()
#5 /app/myapp/app/Controllers/Synthese.php(15): App\Models\Synthese_model->retrieveAll()
#6 /app/myapp/system/CodeIgniter.php(825): App\Controllers\Synthese->test()
#7 /app/myapp/system/CodeIgniter.php(412): CodeIgniter\CodeIgniter->runController()
#8 /app/myapp/system/CodeIgniter.php(320): CodeIgniter\CodeIgniter->handleRequest()
#9 /app/myapp/public/index.php(37): CodeIgniter\CodeIgniter->run()
#10 {main}
ERROR - 2023-04-26 02:32:33 --> Error connecting to the database: No such file or directory
CRITICAL - 2023-04-26 02:32:33 --> Unable to connect to the database.
Main connection [MySQLi]: No such file or directory
#0 /app/myapp/system/Database/BaseConnection.php(577): CodeIgniter\Database\BaseConnection->initialize()
#1 /app/myapp/system/Database/BaseBuilder.php(1455): CodeIgniter\Database\BaseConnection->query()
#2 /app/myapp/system/Model.php(210): CodeIgniter\Database\BaseBuilder->get()
#3 /app/myapp/system/BaseModel.php(622): CodeIgniter\Model->doFirst()
#4 /app/myapp/app/Models/Synthese_model.php(22): CodeIgniter\BaseModel->first()
#5 /app/myapp/app/Controllers/Synthese.php(15): App\Models\Synthese_model->retrieveAll()
#6 /app/myapp/system/CodeIgniter.php(825): App\Controllers\Synthese->test()
#7 /app/myapp/system/CodeIgniter.php(412): CodeIgniter\CodeIgniter->runController()
#8 /app/myapp/system/CodeIgniter.php(320): CodeIgniter\CodeIgniter->handleRequest()
#9 /app/myapp/public/index.php(37): CodeIgniter\CodeIgniter->run()
#10 {main}
ERROR - 2023-04-26 02:34:25 --> Error connecting to the database: No such file or directory
CRITICAL - 2023-04-26 02:34:25 --> Unable to connect to the database.
Main connection [MySQLi]: No such file or directory
#0 /app/myapp/system/Database/BaseConnection.php(577): CodeIgniter\Database\BaseConnection->initialize()
#1 /app/myapp/system/Database/BaseBuilder.php(1455): CodeIgniter\Database\BaseConnection->query()
#2 /app/myapp/system/Model.php(210): CodeIgniter\Database\BaseBuilder->get()
#3 /app/myapp/system/BaseModel.php(622): CodeIgniter\Model->doFirst()
#4 /app/myapp/app/Models/Synthese_model.php(22): CodeIgniter\BaseModel->first()
#5 /app/myapp/app/Controllers/Synthese.php(15): App\Models\Synthese_model->retrieveAll()
#6 /app/myapp/system/CodeIgniter.php(825): App\Controllers\Synthese->test()
#7 /app/myapp/system/CodeIgniter.php(412): CodeIgniter\CodeIgniter->runController()
#8 /app/myapp/system/CodeIgniter.php(320): CodeIgniter\CodeIgniter->handleRequest()
#9 /app/myapp/public/index.php(37): CodeIgniter\CodeIgniter->run()
#10 {main}
ERROR - 2023-04-26 02:36:25 --> Error connecting to the database: No such file or directory
CRITICAL - 2023-04-26 02:36:25 --> Unable to connect to the database.
Main connection [MySQLi]: No such file or directory
#0 /app/myapp/system/Database/BaseConnection.php(577): CodeIgniter\Database\BaseConnection->initialize()
#1 /app/myapp/system/Database/BaseBuilder.php(1455): CodeIgniter\Database\BaseConnection->query()
#2 /app/myapp/system/Model.php(210): CodeIgniter\Database\BaseBuilder->get()
#3 /app/myapp/system/BaseModel.php(622): CodeIgniter\Model->doFirst()
#4 /app/myapp/app/Models/Synthese_model.php(22): CodeIgniter\BaseModel->first()
#5 /app/myapp/app/Controllers/Synthese.php(15): App\Models\Synthese_model->retrieveAll()
#6 /app/myapp/system/CodeIgniter.php(825): App\Controllers\Synthese->test()
#7 /app/myapp/system/CodeIgniter.php(412): CodeIgniter\CodeIgniter->runController()
#8 /app/myapp/system/CodeIgniter.php(320): CodeIgniter\CodeIgniter->handleRequest()
#9 /app/myapp/public/index.php(37): CodeIgniter\CodeIgniter->run()
#10 {main}
CRITICAL - 2023-04-26 02:49:44 --> Using php-function "var_dump" as a modifier is deprecated and will be removed in a future release. Use Smarty::registerPlugin to explicitly register a custom modifier.
#0 [internal function]: CodeIgniter\Debug\Exceptions->errorHandler()
#1 /app/myapp/app/smarty/libs/sysplugins/smarty_internal_compile_private_modifier.php(114): trigger_error()
#2 /app/myapp/app/smarty/libs/sysplugins/smarty_internal_templatecompilerbase.php(749): Smarty_Internal_Compile_Private_Modifier->compile()
#3 /app/myapp/app/smarty/libs/sysplugins/smarty_internal_templatecompilerbase.php(1486): Smarty_Internal_TemplateCompilerBase->callTagCompiler()
#4 /app/myapp/app/smarty/libs/sysplugins/smarty_internal_templatecompilerbase.php(550): Smarty_Internal_TemplateCompilerBase->compileTag2()
#5 /app/myapp/app/smarty/libs/sysplugins/smarty_internal_templateparser.php(2420): Smarty_Internal_TemplateCompilerBase->compileTag()
#6 /app/myapp/app/smarty/libs/sysplugins/smarty_internal_templateparser.php(2777): Smarty_Internal_Templateparser->yy_r96()
#7 /app/myapp/app/smarty/libs/sysplugins/smarty_internal_templateparser.php(2872): Smarty_Internal_Templateparser->yy_reduce()
#8 /app/myapp/app/smarty/libs/sysplugins/smarty_internal_smartytemplatecompiler.php(128): Smarty_Internal_Templateparser->doParse()
#9 /app/myapp/app/smarty/libs/sysplugins/smarty_internal_templatecompilerbase.php(466): Smarty_Internal_SmartyTemplateCompiler->doCompile()
#10 /app/myapp/app/smarty/libs/sysplugins/smarty_internal_templatecompilerbase.php(395): Smarty_Internal_TemplateCompilerBase->compileTemplateSource()
#11 /app/myapp/app/smarty/libs/sysplugins/smarty_template_compiled.php(184): Smarty_Internal_TemplateCompilerBase->compileTemplate()
#12 /app/myapp/app/smarty/libs/sysplugins/smarty_template_compiled.php(141): Smarty_Template_Compiled->compileTemplateSource()
#13 /app/myapp/app/smarty/libs/sysplugins/smarty_template_compiled.php(105): Smarty_Template_Compiled->process()
#14 /app/myapp/app/smarty/libs/sysplugins/smarty_internal_template.php(217): Smarty_Template_Compiled->render()
#15 /app/myapp/app/smarty/libs/sysplugins/smarty_internal_templatebase.php(238): Smarty_Internal_Template->render()
#16 /app/myapp/app/smarty/libs/sysplugins/smarty_internal_templatebase.php(134): Smarty_Internal_TemplateBase->_execute()
#17 /app/myapp/app/Controllers/BaseController.php(69): Smarty_Internal_TemplateBase->display()
#18 /app/myapp/app/Controllers/Synthese.php(18): App\Controllers\BaseController->display()
#19 /app/myapp/system/CodeIgniter.php(825): App\Controllers\Synthese->test()
#20 /app/myapp/system/CodeIgniter.php(412): CodeIgniter\CodeIgniter->runController()
#21 /app/myapp/system/CodeIgniter.php(320): CodeIgniter\CodeIgniter->handleRequest()
#22 /app/myapp/public/index.php(37): CodeIgniter\CodeIgniter->run()
#23 {main}
CRITICAL - 2023-04-26 02:49:59 --> Using php-function "var_dump" as a modifier is deprecated and will be removed in a future release. Use Smarty::registerPlugin to explicitly register a custom modifier.
#0 [internal function]: CodeIgniter\Debug\Exceptions->errorHandler()
#1 /app/myapp/app/smarty/libs/sysplugins/smarty_internal_compile_private_modifier.php(114): trigger_error()
#2 /app/myapp/app/smarty/libs/sysplugins/smarty_internal_templatecompilerbase.php(749): Smarty_Internal_Compile_Private_Modifier->compile()
#3 /app/myapp/app/smarty/libs/sysplugins/smarty_internal_templatecompilerbase.php(1486): Smarty_Internal_TemplateCompilerBase->callTagCompiler()
#4 /app/myapp/app/smarty/libs/sysplugins/smarty_internal_templatecompilerbase.php(550): Smarty_Internal_TemplateCompilerBase->compileTag2()
#5 /app/myapp/app/smarty/libs/sysplugins/smarty_internal_templateparser.php(2420): Smarty_Internal_TemplateCompilerBase->compileTag()
#6 /app/myapp/app/smarty/libs/sysplugins/smarty_internal_templateparser.php(2777): Smarty_Internal_Templateparser->yy_r96()
#7 /app/myapp/app/smarty/libs/sysplugins/smarty_internal_templateparser.php(2872): Smarty_Internal_Templateparser->yy_reduce()
#8 /app/myapp/app/smarty/libs/sysplugins/smarty_internal_smartytemplatecompiler.php(128): Smarty_Internal_Templateparser->doParse()
#9 /app/myapp/app/smarty/libs/sysplugins/smarty_internal_templatecompilerbase.php(466): Smarty_Internal_SmartyTemplateCompiler->doCompile()
#10 /app/myapp/app/smarty/libs/sysplugins/smarty_internal_templatecompilerbase.php(395): Smarty_Internal_TemplateCompilerBase->compileTemplateSource()
#11 /app/myapp/app/smarty/libs/sysplugins/smarty_template_compiled.php(184): Smarty_Internal_TemplateCompilerBase->compileTemplate()
#12 /app/myapp/app/smarty/libs/sysplugins/smarty_template_compiled.php(141): Smarty_Template_Compiled->compileTemplateSource()
#13 /app/myapp/app/smarty/libs/sysplugins/smarty_template_compiled.php(105): Smarty_Template_Compiled->process()
#14 /app/myapp/app/smarty/libs/sysplugins/smarty_internal_template.php(217): Smarty_Template_Compiled->render()
#15 /app/myapp/app/smarty/libs/sysplugins/smarty_internal_templatebase.php(238): Smarty_Internal_Template->render()
#16 /app/myapp/app/smarty/libs/sysplugins/smarty_internal_templatebase.php(134): Smarty_Internal_TemplateBase->_execute()
#17 /app/myapp/app/Controllers/BaseController.php(69): Smarty_Internal_TemplateBase->display()
#18 /app/myapp/app/Controllers/Synthese.php(18): App\Controllers\BaseController->display()
#19 /app/myapp/system/CodeIgniter.php(825): App\Controllers\Synthese->test()
#20 /app/myapp/system/CodeIgniter.php(412): CodeIgniter\CodeIgniter->runController()
#21 /app/myapp/system/CodeIgniter.php(320): CodeIgniter\CodeIgniter->handleRequest()
#22 /app/myapp/public/index.php(37): CodeIgniter\CodeIgniter->run()
#23 {main}
CRITICAL - 2023-04-26 02:50:09 --> Syntax error in template "file:/app/myapp/app/Views/synthese.tpl"  on line 8 "{$item|@dump}" unknown modifier 'dump'
#0 /app/myapp/app/smarty/libs/sysplugins/smarty_internal_compile_private_modifier.php(156): Smarty_Internal_TemplateCompilerBase->trigger_template_error()
#1 /app/myapp/app/smarty/libs/sysplugins/smarty_internal_templatecompilerbase.php(749): Smarty_Internal_Compile_Private_Modifier->compile()
#2 /app/myapp/app/smarty/libs/sysplugins/smarty_internal_templatecompilerbase.php(1486): Smarty_Internal_TemplateCompilerBase->callTagCompiler()
#3 /app/myapp/app/smarty/libs/sysplugins/smarty_internal_templatecompilerbase.php(550): Smarty_Internal_TemplateCompilerBase->compileTag2()
#4 /app/myapp/app/smarty/libs/sysplugins/smarty_internal_templateparser.php(2420): Smarty_Internal_TemplateCompilerBase->compileTag()
#5 /app/myapp/app/smarty/libs/sysplugins/smarty_internal_templateparser.php(2777): Smarty_Internal_Templateparser->yy_r96()
#6 /app/myapp/app/smarty/libs/sysplugins/smarty_internal_templateparser.php(2872): Smarty_Internal_Templateparser->yy_reduce()
#7 /app/myapp/app/smarty/libs/sysplugins/smarty_internal_smartytemplatecompiler.php(128): Smarty_Internal_Templateparser->doParse()
#8 /app/myapp/app/smarty/libs/sysplugins/smarty_internal_templatecompilerbase.php(466): Smarty_Internal_SmartyTemplateCompiler->doCompile()
#9 /app/myapp/app/smarty/libs/sysplugins/smarty_internal_templatecompilerbase.php(395): Smarty_Internal_TemplateCompilerBase->compileTemplateSource()
#10 /app/myapp/app/smarty/libs/sysplugins/smarty_template_compiled.php(184): Smarty_Internal_TemplateCompilerBase->compileTemplate()
#11 /app/myapp/app/smarty/libs/sysplugins/smarty_template_compiled.php(141): Smarty_Template_Compiled->compileTemplateSource()
#12 /app/myapp/app/smarty/libs/sysplugins/smarty_template_compiled.php(105): Smarty_Template_Compiled->process()
#13 /app/myapp/app/smarty/libs/sysplugins/smarty_internal_template.php(217): Smarty_Template_Compiled->render()
#14 /app/myapp/app/smarty/libs/sysplugins/smarty_internal_templatebase.php(238): Smarty_Internal_Template->render()
#15 /app/myapp/app/smarty/libs/sysplugins/smarty_internal_templatebase.php(134): Smarty_Internal_TemplateBase->_execute()
#16 /app/myapp/app/Controllers/BaseController.php(69): Smarty_Internal_TemplateBase->display()
#17 /app/myapp/app/Controllers/Synthese.php(18): App\Controllers\BaseController->display()
#18 /app/myapp/system/CodeIgniter.php(825): App\Controllers\Synthese->test()
#19 /app/myapp/system/CodeIgniter.php(412): CodeIgniter\CodeIgniter->runController()
#20 /app/myapp/system/CodeIgniter.php(320): CodeIgniter\CodeIgniter->handleRequest()
#21 /app/myapp/public/index.php(37): CodeIgniter\CodeIgniter->run()
#22 {main}
CRITICAL - 2023-04-26 02:50:45 --> Using php-function "print_r" as a modifier is deprecated and will be removed in a future release. Use Smarty::registerPlugin to explicitly register a custom modifier.
#0 [internal function]: CodeIgniter\Debug\Exceptions->errorHandler()
#1 /app/myapp/app/smarty/libs/sysplugins/smarty_internal_compile_private_modifier.php(114): trigger_error()
#2 /app/myapp/app/smarty/libs/sysplugins/smarty_internal_templatecompilerbase.php(749): Smarty_Internal_Compile_Private_Modifier->compile()
#3 /app/myapp/app/smarty/libs/sysplugins/smarty_internal_templatecompilerbase.php(1486): Smarty_Internal_TemplateCompilerBase->callTagCompiler()
#4 /app/myapp/app/smarty/libs/sysplugins/smarty_internal_templatecompilerbase.php(550): Smarty_Internal_TemplateCompilerBase->compileTag2()
#5 /app/myapp/app/smarty/libs/sysplugins/smarty_internal_templateparser.php(2420): Smarty_Internal_TemplateCompilerBase->compileTag()
#6 /app/myapp/app/smarty/libs/sysplugins/smarty_internal_templateparser.php(2777): Smarty_Internal_Templateparser->yy_r96()
#7 /app/myapp/app/smarty/libs/sysplugins/smarty_internal_templateparser.php(2872): Smarty_Internal_Templateparser->yy_reduce()
#8 /app/myapp/app/smarty/libs/sysplugins/smarty_internal_smartytemplatecompiler.php(128): Smarty_Internal_Templateparser->doParse()
#9 /app/myapp/app/smarty/libs/sysplugins/smarty_internal_templatecompilerbase.php(466): Smarty_Internal_SmartyTemplateCompiler->doCompile()
#10 /app/myapp/app/smarty/libs/sysplugins/smarty_internal_templatecompilerbase.php(395): Smarty_Internal_TemplateCompilerBase->compileTemplateSource()
#11 /app/myapp/app/smarty/libs/sysplugins/smarty_template_compiled.php(184): Smarty_Internal_TemplateCompilerBase->compileTemplate()
#12 /app/myapp/app/smarty/libs/sysplugins/smarty_template_compiled.php(141): Smarty_Template_Compiled->compileTemplateSource()
#13 /app/myapp/app/smarty/libs/sysplugins/smarty_template_compiled.php(105): Smarty_Template_Compiled->process()
#14 /app/myapp/app/smarty/libs/sysplugins/smarty_internal_template.php(217): Smarty_Template_Compiled->render()
#15 /app/myapp/app/smarty/libs/sysplugins/smarty_internal_templatebase.php(238): Smarty_Internal_Template->render()
#16 /app/myapp/app/smarty/libs/sysplugins/smarty_internal_templatebase.php(134): Smarty_Internal_TemplateBase->_execute()
#17 /app/myapp/app/Controllers/BaseController.php(69): Smarty_Internal_TemplateBase->display()
#18 /app/myapp/app/Controllers/Synthese.php(18): App\Controllers\BaseController->display()
#19 /app/myapp/system/CodeIgniter.php(825): App\Controllers\Synthese->test()
#20 /app/myapp/system/CodeIgniter.php(412): CodeIgniter\CodeIgniter->runController()
#21 /app/myapp/system/CodeIgniter.php(320): CodeIgniter\CodeIgniter->handleRequest()
#22 /app/myapp/public/index.php(37): CodeIgniter\CodeIgniter->run()
#23 {main}
CRITICAL - 2023-04-26 02:51:14 --> Syntax error in template "file:/app/myapp/app/Views/synthese.tpl"  on line 10 "{/foreach}}" too many shorthand attributes
#0 /app/myapp/app/smarty/libs/sysplugins/smarty_internal_compilebase.php(90): Smarty_Internal_TemplateCompilerBase->trigger_template_error()
#1 /app/myapp/app/smarty/libs/sysplugins/smarty_internal_compile_private_print_expression.php(48): Smarty_Internal_CompileBase->getAttributes()
#2 /app/myapp/app/smarty/libs/sysplugins/smarty_internal_templatecompilerbase.php(749): Smarty_Internal_Compile_Private_Print_Expression->compile()
#3 /app/myapp/app/smarty/libs/sysplugins/smarty_internal_templatecompilerbase.php(1486): Smarty_Internal_TemplateCompilerBase->callTagCompiler()
#4 /app/myapp/app/smarty/libs/sysplugins/smarty_internal_templatecompilerbase.php(550): Smarty_Internal_TemplateCompilerBase->compileTag2()
#5 /app/myapp/app/smarty/libs/sysplugins/smarty_internal_templateparser.php(2130): Smarty_Internal_TemplateCompilerBase->compileTag()
#6 /app/myapp/app/smarty/libs/sysplugins/smarty_internal_templateparser.php(2777): Smarty_Internal_Templateparser->yy_r16()
#7 /app/myapp/app/smarty/libs/sysplugins/smarty_internal_templateparser.php(2872): Smarty_Internal_Templateparser->yy_reduce()
#8 /app/myapp/app/smarty/libs/sysplugins/smarty_internal_smartytemplatecompiler.php(128): Smarty_Internal_Templateparser->doParse()
#9 /app/myapp/app/smarty/libs/sysplugins/smarty_internal_templatecompilerbase.php(466): Smarty_Internal_SmartyTemplateCompiler->doCompile()
#10 /app/myapp/app/smarty/libs/sysplugins/smarty_internal_templatecompilerbase.php(395): Smarty_Internal_TemplateCompilerBase->compileTemplateSource()
#11 /app/myapp/app/smarty/libs/sysplugins/smarty_template_compiled.php(184): Smarty_Internal_TemplateCompilerBase->compileTemplate()
#12 /app/myapp/app/smarty/libs/sysplugins/smarty_template_compiled.php(141): Smarty_Template_Compiled->compileTemplateSource()
#13 /app/myapp/app/smarty/libs/sysplugins/smarty_template_compiled.php(105): Smarty_Template_Compiled->process()
#14 /app/myapp/app/smarty/libs/sysplugins/smarty_internal_template.php(217): Smarty_Template_Compiled->render()
#15 /app/myapp/app/smarty/libs/sysplugins/smarty_internal_templatebase.php(238): Smarty_Internal_Template->render()
#16 /app/myapp/app/smarty/libs/sysplugins/smarty_internal_templatebase.php(134): Smarty_Internal_TemplateBase->_execute()
#17 /app/myapp/app/Controllers/BaseController.php(69): Smarty_Internal_TemplateBase->display()
#18 /app/myapp/app/Controllers/Synthese.php(18): App\Controllers\BaseController->display()
#19 /app/myapp/system/CodeIgniter.php(825): App\Controllers\Synthese->test()
#20 /app/myapp/system/CodeIgniter.php(412): CodeIgniter\CodeIgniter->runController()
#21 /app/myapp/system/CodeIgniter.php(320): CodeIgniter\CodeIgniter->handleRequest()
#22 /app/myapp/public/index.php(37): CodeIgniter\CodeIgniter->run()
#23 {main}
CRITICAL - 2023-04-26 03:44:41 --> Syntax error in template "file:/app/myapp/app/Views/synthese.tpl"  on line 9 "{if ($item->synthese_axe_name) == 'Axe réactivité')}"  - Unexpected ")", expected one of: "}"
#0 /app/myapp/app/smarty/libs/sysplugins/smarty_internal_templateparser.php(2819): Smarty_Internal_TemplateCompilerBase->trigger_template_error()
#1 /app/myapp/app/smarty/libs/sysplugins/smarty_internal_templateparser.php(2880): Smarty_Internal_Templateparser->yy_syntax_error()
#2 /app/myapp/app/smarty/libs/sysplugins/smarty_internal_smartytemplatecompiler.php(128): Smarty_Internal_Templateparser->doParse()
#3 /app/myapp/app/smarty/libs/sysplugins/smarty_internal_templatecompilerbase.php(466): Smarty_Internal_SmartyTemplateCompiler->doCompile()
#4 /app/myapp/app/smarty/libs/sysplugins/smarty_internal_templatecompilerbase.php(395): Smarty_Internal_TemplateCompilerBase->compileTemplateSource()
#5 /app/myapp/app/smarty/libs/sysplugins/smarty_template_compiled.php(184): Smarty_Internal_TemplateCompilerBase->compileTemplate()
#6 /app/myapp/app/smarty/libs/sysplugins/smarty_template_compiled.php(141): Smarty_Template_Compiled->compileTemplateSource()
#7 /app/myapp/app/smarty/libs/sysplugins/smarty_template_compiled.php(105): Smarty_Template_Compiled->process()
#8 /app/myapp/app/smarty/libs/sysplugins/smarty_internal_template.php(217): Smarty_Template_Compiled->render()
#9 /app/myapp/app/smarty/libs/sysplugins/smarty_internal_templatebase.php(238): Smarty_Internal_Template->render()
#10 /app/myapp/app/smarty/libs/sysplugins/smarty_internal_templatebase.php(134): Smarty_Internal_TemplateBase->_execute()
#11 /app/myapp/app/Controllers/BaseController.php(69): Smarty_Internal_TemplateBase->display()
#12 /app/myapp/app/Controllers/Synthese.php(18): App\Controllers\BaseController->display()
#13 /app/myapp/system/CodeIgniter.php(825): App\Controllers\Synthese->test()
#14 /app/myapp/system/CodeIgniter.php(412): CodeIgniter\CodeIgniter->runController()
#15 /app/myapp/system/CodeIgniter.php(320): CodeIgniter\CodeIgniter->handleRequest()
#16 /app/myapp/public/index.php(37): CodeIgniter\CodeIgniter->run()
#17 {main}
CRITICAL - 2023-04-26 06:16:17 --> Object of class App\Entities\Competence_entity could not be converted to string
#0 /app/myapp/app/smarty/libs/sysplugins/smarty_internal_runtime_inheritance.php(248): Block_16359401156449080185a577_42622475->callBlock()
#1 /app/myapp/app/smarty/libs/sysplugins/smarty_internal_runtime_inheritance.php(184): Smarty_Internal_Runtime_Inheritance->callBlock()
#2 /app/myapp/app/smarty/libs/sysplugins/smarty_internal_runtime_inheritance.php(186): Smarty_Internal_Runtime_Inheritance->process()
#3 /app/myapp/app/smarty/libs/sysplugins/smarty_internal_runtime_inheritance.php(156): Smarty_Internal_Runtime_Inheritance->process()
#4 /app/myapp/writable/cache/templates_c/080a20f01f810ad289d148b0b69bb771d4dc81e3_0.file.layout.tpl.php(33): Smarty_Internal_Runtime_Inheritance->instanceBlock()
#5 /app/myapp/app/smarty/libs/sysplugins/smarty_template_resource_base.php(123): content_6448f0d638a8c3_98408407()
#6 /app/myapp/app/smarty/libs/sysplugins/smarty_template_compiled.php(114): Smarty_Template_Resource_Base->getRenderedTemplateCode()
#7 /app/myapp/app/smarty/libs/sysplugins/smarty_internal_template.php(217): Smarty_Template_Compiled->render()
#8 /app/myapp/app/smarty/libs/sysplugins/smarty_internal_template.php(386): Smarty_Internal_Template->render()
#9 /app/myapp/app/smarty/libs/sysplugins/smarty_internal_runtime_inheritance.php(116): Smarty_Internal_Template->_subTemplateRender()
#10 /app/myapp/writable/cache/templates_c/e08789e2cf6273278763a7e6ca18c76ccf91e993_0.file.axe-competence.tpl.php(30): Smarty_Internal_Runtime_Inheritance->endChild()
#11 /app/myapp/app/smarty/libs/sysplugins/smarty_template_resource_base.php(123): content_64490801a4a024_09440351()
#12 /app/myapp/app/smarty/libs/sysplugins/smarty_template_compiled.php(114): Smarty_Template_Resource_Base->getRenderedTemplateCode()
#13 /app/myapp/app/smarty/libs/sysplugins/smarty_internal_template.php(217): Smarty_Template_Compiled->render()
#14 /app/myapp/app/smarty/libs/sysplugins/smarty_internal_templatebase.php(238): Smarty_Internal_Template->render()
#15 /app/myapp/app/smarty/libs/sysplugins/smarty_internal_templatebase.php(134): Smarty_Internal_TemplateBase->_execute()
#16 /app/myapp/app/Controllers/BaseController.php(69): Smarty_Internal_TemplateBase->display()
#17 /app/myapp/app/Controllers/Competence.php(18): App\Controllers\BaseController->display()
#18 /app/myapp/system/CodeIgniter.php(825): App\Controllers\Competence->index()
#19 /app/myapp/system/CodeIgniter.php(412): CodeIgniter\CodeIgniter->runController()
#20 /app/myapp/system/CodeIgniter.php(320): CodeIgniter\CodeIgniter->handleRequest()
#21 /app/myapp/public/index.php(37): CodeIgniter\CodeIgniter->run()
#22 {main}
CRITICAL - 2023-04-26 06:16:28 --> Using php-function "var_dump" as a modifier is deprecated and will be removed in a future release. Use Smarty::registerPlugin to explicitly register a custom modifier.
#0 [internal function]: CodeIgniter\Debug\Exceptions->errorHandler()
#1 /app/myapp/app/smarty/libs/sysplugins/smarty_internal_compile_private_modifier.php(114): trigger_error()
#2 /app/myapp/app/smarty/libs/sysplugins/smarty_internal_templatecompilerbase.php(749): Smarty_Internal_Compile_Private_Modifier->compile()
#3 /app/myapp/app/smarty/libs/sysplugins/smarty_internal_templatecompilerbase.php(1486): Smarty_Internal_TemplateCompilerBase->callTagCompiler()
#4 /app/myapp/app/smarty/libs/sysplugins/smarty_internal_templatecompilerbase.php(550): Smarty_Internal_TemplateCompilerBase->compileTag2()
#5 /app/myapp/app/smarty/libs/sysplugins/smarty_internal_templateparser.php(2420): Smarty_Internal_TemplateCompilerBase->compileTag()
#6 /app/myapp/app/smarty/libs/sysplugins/smarty_internal_templateparser.php(2777): Smarty_Internal_Templateparser->yy_r96()
#7 /app/myapp/app/smarty/libs/sysplugins/smarty_internal_templateparser.php(2872): Smarty_Internal_Templateparser->yy_reduce()
#8 /app/myapp/app/smarty/libs/sysplugins/smarty_internal_smartytemplatecompiler.php(128): Smarty_Internal_Templateparser->doParse()
#9 /app/myapp/app/smarty/libs/sysplugins/smarty_internal_templatecompilerbase.php(466): Smarty_Internal_SmartyTemplateCompiler->doCompile()
#10 /app/myapp/app/smarty/libs/sysplugins/smarty_internal_templatecompilerbase.php(395): Smarty_Internal_TemplateCompilerBase->compileTemplateSource()
#11 /app/myapp/app/smarty/libs/sysplugins/smarty_template_compiled.php(184): Smarty_Internal_TemplateCompilerBase->compileTemplate()
#12 /app/myapp/app/smarty/libs/sysplugins/smarty_template_compiled.php(141): Smarty_Template_Compiled->compileTemplateSource()
#13 /app/myapp/app/smarty/libs/sysplugins/smarty_template_compiled.php(105): Smarty_Template_Compiled->process()
#14 /app/myapp/app/smarty/libs/sysplugins/smarty_internal_template.php(217): Smarty_Template_Compiled->render()
#15 /app/myapp/app/smarty/libs/sysplugins/smarty_internal_templatebase.php(238): Smarty_Internal_Template->render()
#16 /app/myapp/app/smarty/libs/sysplugins/smarty_internal_templatebase.php(134): Smarty_Internal_TemplateBase->_execute()
#17 /app/myapp/app/Controllers/BaseController.php(69): Smarty_Internal_TemplateBase->display()
#18 /app/myapp/app/Controllers/Competence.php(18): App\Controllers\BaseController->display()
#19 /app/myapp/system/CodeIgniter.php(825): App\Controllers\Competence->index()
#20 /app/myapp/system/CodeIgniter.php(412): CodeIgniter\CodeIgniter->runController()
#21 /app/myapp/system/CodeIgniter.php(320): CodeIgniter\CodeIgniter->handleRequest()
#22 /app/myapp/public/index.php(37): CodeIgniter\CodeIgniter->run()
#23 {main}
CRITICAL - 2023-04-26 06:35:24 --> Syntax error in template "file:/app/myapp/app/Views/axe-competence.tpl"  on line 17 "{if ($objsCompetence[($key)-1)] != $item->axe_competence_item_id)}"  - Unexpected ")"
#0 /app/myapp/app/smarty/libs/sysplugins/smarty_internal_templateparser.php(2819): Smarty_Internal_TemplateCompilerBase->trigger_template_error()
#1 /app/myapp/app/smarty/libs/sysplugins/smarty_internal_templateparser.php(2880): Smarty_Internal_Templateparser->yy_syntax_error()
#2 /app/myapp/app/smarty/libs/sysplugins/smarty_internal_smartytemplatecompiler.php(128): Smarty_Internal_Templateparser->doParse()
#3 /app/myapp/app/smarty/libs/sysplugins/smarty_internal_templatecompilerbase.php(466): Smarty_Internal_SmartyTemplateCompiler->doCompile()
#4 /app/myapp/app/smarty/libs/sysplugins/smarty_internal_templatecompilerbase.php(395): Smarty_Internal_TemplateCompilerBase->compileTemplateSource()
#5 /app/myapp/app/smarty/libs/sysplugins/smarty_template_compiled.php(184): Smarty_Internal_TemplateCompilerBase->compileTemplate()
#6 /app/myapp/app/smarty/libs/sysplugins/smarty_template_compiled.php(141): Smarty_Template_Compiled->compileTemplateSource()
#7 /app/myapp/app/smarty/libs/sysplugins/smarty_template_compiled.php(105): Smarty_Template_Compiled->process()
#8 /app/myapp/app/smarty/libs/sysplugins/smarty_internal_template.php(217): Smarty_Template_Compiled->render()
#9 /app/myapp/app/smarty/libs/sysplugins/smarty_internal_templatebase.php(238): Smarty_Internal_Template->render()
#10 /app/myapp/app/smarty/libs/sysplugins/smarty_internal_templatebase.php(134): Smarty_Internal_TemplateBase->_execute()
#11 /app/myapp/app/Controllers/BaseController.php(69): Smarty_Internal_TemplateBase->display()
#12 /app/myapp/app/Controllers/Competence.php(18): App\Controllers\BaseController->display()
#13 /app/myapp/system/CodeIgniter.php(825): App\Controllers\Competence->index()
#14 /app/myapp/system/CodeIgniter.php(412): CodeIgniter\CodeIgniter->runController()
#15 /app/myapp/system/CodeIgniter.php(320): CodeIgniter\CodeIgniter->handleRequest()
#16 /app/myapp/public/index.php(37): CodeIgniter\CodeIgniter->run()
#17 {main}
CRITICAL - 2023-04-26 06:36:12 --> Syntax error in template "file:/app/myapp/app/Views/axe-competence.tpl"  on line 17 "{if ($objsCompetence[($key)-1)]) != $item->axe_competence_item_id}"  - Unexpected ")"
#0 /app/myapp/app/smarty/libs/sysplugins/smarty_internal_templateparser.php(2819): Smarty_Internal_TemplateCompilerBase->trigger_template_error()
#1 /app/myapp/app/smarty/libs/sysplugins/smarty_internal_templateparser.php(2880): Smarty_Internal_Templateparser->yy_syntax_error()
#2 /app/myapp/app/smarty/libs/sysplugins/smarty_internal_smartytemplatecompiler.php(128): Smarty_Internal_Templateparser->doParse()
#3 /app/myapp/app/smarty/libs/sysplugins/smarty_internal_templatecompilerbase.php(466): Smarty_Internal_SmartyTemplateCompiler->doCompile()
#4 /app/myapp/app/smarty/libs/sysplugins/smarty_internal_templatecompilerbase.php(395): Smarty_Internal_TemplateCompilerBase->compileTemplateSource()
#5 /app/myapp/app/smarty/libs/sysplugins/smarty_template_compiled.php(184): Smarty_Internal_TemplateCompilerBase->compileTemplate()
#6 /app/myapp/app/smarty/libs/sysplugins/smarty_template_compiled.php(141): Smarty_Template_Compiled->compileTemplateSource()
#7 /app/myapp/app/smarty/libs/sysplugins/smarty_template_compiled.php(105): Smarty_Template_Compiled->process()
#8 /app/myapp/app/smarty/libs/sysplugins/smarty_internal_template.php(217): Smarty_Template_Compiled->render()
#9 /app/myapp/app/smarty/libs/sysplugins/smarty_internal_templatebase.php(238): Smarty_Internal_Template->render()
#10 /app/myapp/app/smarty/libs/sysplugins/smarty_internal_templatebase.php(134): Smarty_Internal_TemplateBase->_execute()
#11 /app/myapp/app/Controllers/BaseController.php(69): Smarty_Internal_TemplateBase->display()
#12 /app/myapp/app/Controllers/Competence.php(18): App\Controllers\BaseController->display()
#13 /app/myapp/system/CodeIgniter.php(825): App\Controllers\Competence->index()
#14 /app/myapp/system/CodeIgniter.php(412): CodeIgniter\CodeIgniter->runController()
#15 /app/myapp/system/CodeIgniter.php(320): CodeIgniter\CodeIgniter->handleRequest()
#16 /app/myapp/public/index.php(37): CodeIgniter\CodeIgniter->run()
#17 {main}
CRITICAL - 2023-04-26 06:37:37 --> Syntax error in template "file:/app/myapp/app/Views/axe-competence.tpl"  on line 17 "{var_dump($objsCompetence[($key)-1)]))}"  - Unexpected ")"
#0 /app/myapp/app/smarty/libs/sysplugins/smarty_internal_templateparser.php(2819): Smarty_Internal_TemplateCompilerBase->trigger_template_error()
#1 /app/myapp/app/smarty/libs/sysplugins/smarty_internal_templateparser.php(2880): Smarty_Internal_Templateparser->yy_syntax_error()
#2 /app/myapp/app/smarty/libs/sysplugins/smarty_internal_smartytemplatecompiler.php(128): Smarty_Internal_Templateparser->doParse()
#3 /app/myapp/app/smarty/libs/sysplugins/smarty_internal_templatecompilerbase.php(466): Smarty_Internal_SmartyTemplateCompiler->doCompile()
#4 /app/myapp/app/smarty/libs/sysplugins/smarty_internal_templatecompilerbase.php(395): Smarty_Internal_TemplateCompilerBase->compileTemplateSource()
#5 /app/myapp/app/smarty/libs/sysplugins/smarty_template_compiled.php(184): Smarty_Internal_TemplateCompilerBase->compileTemplate()
#6 /app/myapp/app/smarty/libs/sysplugins/smarty_template_compiled.php(141): Smarty_Template_Compiled->compileTemplateSource()
#7 /app/myapp/app/smarty/libs/sysplugins/smarty_template_compiled.php(105): Smarty_Template_Compiled->process()
#8 /app/myapp/app/smarty/libs/sysplugins/smarty_internal_template.php(217): Smarty_Template_Compiled->render()
#9 /app/myapp/app/smarty/libs/sysplugins/smarty_internal_templatebase.php(238): Smarty_Internal_Template->render()
#10 /app/myapp/app/smarty/libs/sysplugins/smarty_internal_templatebase.php(134): Smarty_Internal_TemplateBase->_execute()
#11 /app/myapp/app/Controllers/BaseController.php(69): Smarty_Internal_TemplateBase->display()
#12 /app/myapp/app/Controllers/Competence.php(18): App\Controllers\BaseController->display()
#13 /app/myapp/system/CodeIgniter.php(825): App\Controllers\Competence->index()
#14 /app/myapp/system/CodeIgniter.php(412): CodeIgniter\CodeIgniter->runController()
#15 /app/myapp/system/CodeIgniter.php(320): CodeIgniter\CodeIgniter->handleRequest()
#16 /app/myapp/public/index.php(37): CodeIgniter\CodeIgniter->run()
#17 {main}
CRITICAL - 2023-04-26 06:38:08 --> Syntax error in template "file:/app/myapp/app/Views/axe-competence.tpl"  on line 17 "{var_dump($objsCompetence[ ($key)-1 ]) ) }"  - Unexpected " )", expected one of: "}"
#0 /app/myapp/app/smarty/libs/sysplugins/smarty_internal_templateparser.php(2819): Smarty_Internal_TemplateCompilerBase->trigger_template_error()
#1 /app/myapp/app/smarty/libs/sysplugins/smarty_internal_templateparser.php(2880): Smarty_Internal_Templateparser->yy_syntax_error()
#2 /app/myapp/app/smarty/libs/sysplugins/smarty_internal_smartytemplatecompiler.php(128): Smarty_Internal_Templateparser->doParse()
#3 /app/myapp/app/smarty/libs/sysplugins/smarty_internal_templatecompilerbase.php(466): Smarty_Internal_SmartyTemplateCompiler->doCompile()
#4 /app/myapp/app/smarty/libs/sysplugins/smarty_internal_templatecompilerbase.php(395): Smarty_Internal_TemplateCompilerBase->compileTemplateSource()
#5 /app/myapp/app/smarty/libs/sysplugins/smarty_template_compiled.php(184): Smarty_Internal_TemplateCompilerBase->compileTemplate()
#6 /app/myapp/app/smarty/libs/sysplugins/smarty_template_compiled.php(141): Smarty_Template_Compiled->compileTemplateSource()
#7 /app/myapp/app/smarty/libs/sysplugins/smarty_template_compiled.php(105): Smarty_Template_Compiled->process()
#8 /app/myapp/app/smarty/libs/sysplugins/smarty_internal_template.php(217): Smarty_Template_Compiled->render()
#9 /app/myapp/app/smarty/libs/sysplugins/smarty_internal_templatebase.php(238): Smarty_Internal_Template->render()
#10 /app/myapp/app/smarty/libs/sysplugins/smarty_internal_templatebase.php(134): Smarty_Internal_TemplateBase->_execute()
#11 /app/myapp/app/Controllers/BaseController.php(69): Smarty_Internal_TemplateBase->display()
#12 /app/myapp/app/Controllers/Competence.php(18): App\Controllers\BaseController->display()
#13 /app/myapp/system/CodeIgniter.php(825): App\Controllers\Competence->index()
#14 /app/myapp/system/CodeIgniter.php(412): CodeIgniter\CodeIgniter->runController()
#15 /app/myapp/system/CodeIgniter.php(320): CodeIgniter\CodeIgniter->handleRequest()
#16 /app/myapp/public/index.php(37): CodeIgniter\CodeIgniter->run()
#17 {main}
CRITICAL - 2023-04-26 08:30:45 --> Class 'App\Models\Company_model' not found
#0 /app/myapp/system/CodeIgniter.php(825): App\Controllers\Home->index()
#1 /app/myapp/system/CodeIgniter.php(412): CodeIgniter\CodeIgniter->runController()
#2 /app/myapp/system/CodeIgniter.php(320): CodeIgniter\CodeIgniter->handleRequest()
#3 /app/myapp/public/index.php(37): CodeIgniter\CodeIgniter->run()
#4 {main}
CRITICAL - 2023-04-26 08:40:54 --> Undefined index: h1
#0 /app/myapp/writable/cache/templates_c/8b493825e57f3d36c4efdeb5b30e364acbfffb58_0.file.home.tpl.php(45): CodeIgniter\Debug\Exceptions->errorHandler()
#1 /app/myapp/app/smarty/libs/sysplugins/smarty_internal_runtime_inheritance.php(248): Block_1894734026447bdd9962d01_12833526->callBlock()
#2 /app/myapp/app/smarty/libs/sysplugins/smarty_internal_runtime_inheritance.php(184): Smarty_Internal_Runtime_Inheritance->callBlock()
#3 /app/myapp/app/smarty/libs/sysplugins/smarty_internal_runtime_inheritance.php(186): Smarty_Internal_Runtime_Inheritance->process()
#4 /app/myapp/app/smarty/libs/sysplugins/smarty_internal_runtime_inheritance.php(156): Smarty_Internal_Runtime_Inheritance->process()
#5 /app/myapp/writable/cache/templates_c/080a20f01f810ad289d148b0b69bb771d4dc81e3_0.file.layout.tpl.php(33): Smarty_Internal_Runtime_Inheritance->instanceBlock()
#6 /app/myapp/app/smarty/libs/sysplugins/smarty_template_resource_base.php(123): content_6448f0d638a8c3_98408407()
#7 /app/myapp/app/smarty/libs/sysplugins/smarty_template_compiled.php(114): Smarty_Template_Resource_Base->getRenderedTemplateCode()
#8 /app/myapp/app/smarty/libs/sysplugins/smarty_internal_template.php(217): Smarty_Template_Compiled->render()
#9 /app/myapp/app/smarty/libs/sysplugins/smarty_internal_template.php(386): Smarty_Internal_Template->render()
#10 /app/myapp/app/smarty/libs/sysplugins/smarty_internal_runtime_inheritance.php(116): Smarty_Internal_Template->_subTemplateRender()
#11 /app/myapp/writable/cache/templates_c/8b493825e57f3d36c4efdeb5b30e364acbfffb58_0.file.home.tpl.php(30): Smarty_Internal_Runtime_Inheritance->endChild()
#12 /app/myapp/app/smarty/libs/sysplugins/smarty_template_resource_base.php(123): content_6447bdd99b02f8_19816868()
#13 /app/myapp/app/smarty/libs/sysplugins/smarty_template_compiled.php(114): Smarty_Template_Resource_Base->getRenderedTemplateCode()
#14 /app/myapp/app/smarty/libs/sysplugins/smarty_internal_template.php(217): Smarty_Template_Compiled->render()
#15 /app/myapp/app/smarty/libs/sysplugins/smarty_internal_templatebase.php(238): Smarty_Internal_Template->render()
#16 /app/myapp/app/smarty/libs/sysplugins/smarty_internal_templatebase.php(134): Smarty_Internal_TemplateBase->_execute()
#17 /app/myapp/app/Controllers/BaseController.php(69): Smarty_Internal_TemplateBase->display()
#18 /app/myapp/app/Controllers/Home.php(14): App\Controllers\BaseController->display()
#19 /app/myapp/system/CodeIgniter.php(825): App\Controllers\Home->index()
#20 /app/myapp/system/CodeIgniter.php(412): CodeIgniter\CodeIgniter->runController()
#21 /app/myapp/system/CodeIgniter.php(320): CodeIgniter\CodeIgniter->handleRequest()
#22 /app/myapp/public/index.php(37): CodeIgniter\CodeIgniter->run()
#23 {main}
CRITICAL - 2023-04-26 08:45:53 --> Undefined index: item
#0 /app/myapp/writable/cache/templates_c/fb8eef2c666a45526385b6cb177473027fdfbdf8_0.file.nav.tpl.php(28): CodeIgniter\Debug\Exceptions->errorHandler()
#1 /app/myapp/app/smarty/libs/sysplugins/smarty_template_resource_base.php(123): content_64492b10eb7e66_08074611()
#2 /app/myapp/app/smarty/libs/sysplugins/smarty_template_compiled.php(114): Smarty_Template_Resource_Base->getRenderedTemplateCode()
#3 /app/myapp/app/smarty/libs/sysplugins/smarty_internal_template.php(217): Smarty_Template_Compiled->render()
#4 /app/myapp/app/smarty/libs/sysplugins/smarty_internal_template.php(386): Smarty_Internal_Template->render()
#5 /app/myapp/writable/cache/templates_c/2e06904c519115e5120bf18f2fdda29e7609e2e5_0.file.head.tpl.php(42): Smarty_Internal_Template->_subTemplateRender()
#6 /app/myapp/app/smarty/libs/sysplugins/smarty_template_resource_base.php(123): content_6447b65d3b7010_56591266()
#7 /app/myapp/app/smarty/libs/sysplugins/smarty_template_compiled.php(114): Smarty_Template_Resource_Base->getRenderedTemplateCode()
#8 /app/myapp/app/smarty/libs/sysplugins/smarty_internal_template.php(217): Smarty_Template_Compiled->render()
#9 /app/myapp/app/smarty/libs/sysplugins/smarty_internal_template.php(386): Smarty_Internal_Template->render()
#10 /app/myapp/writable/cache/templates_c/080a20f01f810ad289d148b0b69bb771d4dc81e3_0.file.layout.tpl.php(28): Smarty_Internal_Template->_subTemplateRender()
#11 /app/myapp/app/smarty/libs/sysplugins/smarty_template_resource_base.php(123): content_6448f0d638a8c3_98408407()
#12 /app/myapp/app/smarty/libs/sysplugins/smarty_template_compiled.php(114): Smarty_Template_Resource_Base->getRenderedTemplateCode()
#13 /app/myapp/app/smarty/libs/sysplugins/smarty_internal_template.php(217): Smarty_Template_Compiled->render()
#14 /app/myapp/app/smarty/libs/sysplugins/smarty_internal_template.php(386): Smarty_Internal_Template->render()
#15 /app/myapp/app/smarty/libs/sysplugins/smarty_internal_runtime_inheritance.php(116): Smarty_Internal_Template->_subTemplateRender()
#16 /app/myapp/writable/cache/templates_c/8b493825e57f3d36c4efdeb5b30e364acbfffb58_0.file.home.tpl.php(30): Smarty_Internal_Runtime_Inheritance->endChild()
#17 /app/myapp/app/smarty/libs/sysplugins/smarty_template_resource_base.php(123): content_6447bdd99b02f8_19816868()
#18 /app/myapp/app/smarty/libs/sysplugins/smarty_template_compiled.php(114): Smarty_Template_Resource_Base->getRenderedTemplateCode()
#19 /app/myapp/app/smarty/libs/sysplugins/smarty_internal_template.php(217): Smarty_Template_Compiled->render()
#20 /app/myapp/app/smarty/libs/sysplugins/smarty_internal_templatebase.php(238): Smarty_Internal_Template->render()
#21 /app/myapp/app/smarty/libs/sysplugins/smarty_internal_templatebase.php(134): Smarty_Internal_TemplateBase->_execute()
#22 /app/myapp/app/Controllers/BaseController.php(69): Smarty_Internal_TemplateBase->display()
#23 /app/myapp/app/Controllers/Home.php(14): App\Controllers\BaseController->display()
#24 /app/myapp/system/CodeIgniter.php(825): App\Controllers\Home->index()
#25 /app/myapp/system/CodeIgniter.php(412): CodeIgniter\CodeIgniter->runController()
#26 /app/myapp/system/CodeIgniter.php(320): CodeIgniter\CodeIgniter->handleRequest()
#27 /app/myapp/public/index.php(37): CodeIgniter\CodeIgniter->run()
#28 {main}
CRITICAL - 2023-04-26 08:48:34 --> Syntax error in template "file:/app/myapp/app/Views/layout/nav.tpl"  on line 12 "<a class="nav-link active" aria-current="page" href="{base_url('/synthese')}">{$item->company_name</a>"  - Unexpected "/"
#0 /app/myapp/app/smarty/libs/sysplugins/smarty_internal_templateparser.php(2819): Smarty_Internal_TemplateCompilerBase->trigger_template_error()
#1 /app/myapp/app/smarty/libs/sysplugins/smarty_internal_templateparser.php(2880): Smarty_Internal_Templateparser->yy_syntax_error()
#2 /app/myapp/app/smarty/libs/sysplugins/smarty_internal_smartytemplatecompiler.php(128): Smarty_Internal_Templateparser->doParse()
#3 /app/myapp/app/smarty/libs/sysplugins/smarty_internal_templatecompilerbase.php(466): Smarty_Internal_SmartyTemplateCompiler->doCompile()
#4 /app/myapp/app/smarty/libs/sysplugins/smarty_internal_templatecompilerbase.php(395): Smarty_Internal_TemplateCompilerBase->compileTemplateSource()
#5 /app/myapp/app/smarty/libs/sysplugins/smarty_template_compiled.php(184): Smarty_Internal_TemplateCompilerBase->compileTemplate()
#6 /app/myapp/app/smarty/libs/sysplugins/smarty_template_compiled.php(141): Smarty_Template_Compiled->compileTemplateSource()
#7 /app/myapp/app/smarty/libs/sysplugins/smarty_template_compiled.php(105): Smarty_Template_Compiled->process()
#8 /app/myapp/app/smarty/libs/sysplugins/smarty_internal_template.php(217): Smarty_Template_Compiled->render()
#9 /app/myapp/app/smarty/libs/sysplugins/smarty_internal_template.php(386): Smarty_Internal_Template->render()
#10 /app/myapp/writable/cache/templates_c/2e06904c519115e5120bf18f2fdda29e7609e2e5_0.file.head.tpl.php(42): Smarty_Internal_Template->_subTemplateRender()
#11 /app/myapp/app/smarty/libs/sysplugins/smarty_template_resource_base.php(123): content_6447b65d3b7010_56591266()
#12 /app/myapp/app/smarty/libs/sysplugins/smarty_template_compiled.php(114): Smarty_Template_Resource_Base->getRenderedTemplateCode()
#13 /app/myapp/app/smarty/libs/sysplugins/smarty_internal_template.php(217): Smarty_Template_Compiled->render()
#14 /app/myapp/app/smarty/libs/sysplugins/smarty_internal_template.php(386): Smarty_Internal_Template->render()
#15 /app/myapp/writable/cache/templates_c/080a20f01f810ad289d148b0b69bb771d4dc81e3_0.file.layout.tpl.php(28): Smarty_Internal_Template->_subTemplateRender()
#16 /app/myapp/app/smarty/libs/sysplugins/smarty_template_resource_base.php(123): content_6448f0d638a8c3_98408407()
#17 /app/myapp/app/smarty/libs/sysplugins/smarty_template_compiled.php(114): Smarty_Template_Resource_Base->getRenderedTemplateCode()
#18 /app/myapp/app/smarty/libs/sysplugins/smarty_internal_template.php(217): Smarty_Template_Compiled->render()
#19 /app/myapp/app/smarty/libs/sysplugins/smarty_internal_template.php(386): Smarty_Internal_Template->render()
#20 /app/myapp/app/smarty/libs/sysplugins/smarty_internal_runtime_inheritance.php(116): Smarty_Internal_Template->_subTemplateRender()
#21 /app/myapp/writable/cache/templates_c/8b493825e57f3d36c4efdeb5b30e364acbfffb58_0.file.home.tpl.php(30): Smarty_Internal_Runtime_Inheritance->endChild()
#22 /app/myapp/app/smarty/libs/sysplugins/smarty_template_resource_base.php(123): content_6447bdd99b02f8_19816868()
#23 /app/myapp/app/smarty/libs/sysplugins/smarty_template_compiled.php(114): Smarty_Template_Resource_Base->getRenderedTemplateCode()
#24 /app/myapp/app/smarty/libs/sysplugins/smarty_internal_template.php(217): Smarty_Template_Compiled->render()
#25 /app/myapp/app/smarty/libs/sysplugins/smarty_internal_templatebase.php(238): Smarty_Internal_Template->render()
#26 /app/myapp/app/smarty/libs/sysplugins/smarty_internal_templatebase.php(134): Smarty_Internal_TemplateBase->_execute()
#27 /app/myapp/app/Controllers/BaseController.php(69): Smarty_Internal_TemplateBase->display()
#28 /app/myapp/app/Controllers/Home.php(14): App\Controllers\BaseController->display()
#29 /app/myapp/system/CodeIgniter.php(825): App\Controllers\Home->index()
#30 /app/myapp/system/CodeIgniter.php(412): CodeIgniter\CodeIgniter->runController()
#31 /app/myapp/system/CodeIgniter.php(320): CodeIgniter\CodeIgniter->handleRequest()
#32 /app/myapp/public/index.php(37): CodeIgniter\CodeIgniter->run()
#33 {main}
CRITICAL - 2023-04-26 08:48:43 --> Trying to get property 'company_name' of non-object
#0 /app/myapp/writable/cache/templates_c/fb8eef2c666a45526385b6cb177473027fdfbdf8_0.file.nav.tpl.php(42): CodeIgniter\Debug\Exceptions->errorHandler()
#1 /app/myapp/app/smarty/libs/sysplugins/smarty_template_resource_base.php(123): content_64492bbb945b74_06506494()
#2 /app/myapp/app/smarty/libs/sysplugins/smarty_template_compiled.php(114): Smarty_Template_Resource_Base->getRenderedTemplateCode()
#3 /app/myapp/app/smarty/libs/sysplugins/smarty_internal_template.php(217): Smarty_Template_Compiled->render()
#4 /app/myapp/app/smarty/libs/sysplugins/smarty_internal_template.php(386): Smarty_Internal_Template->render()
#5 /app/myapp/writable/cache/templates_c/2e06904c519115e5120bf18f2fdda29e7609e2e5_0.file.head.tpl.php(42): Smarty_Internal_Template->_subTemplateRender()
#6 /app/myapp/app/smarty/libs/sysplugins/smarty_template_resource_base.php(123): content_6447b65d3b7010_56591266()
#7 /app/myapp/app/smarty/libs/sysplugins/smarty_template_compiled.php(114): Smarty_Template_Resource_Base->getRenderedTemplateCode()
#8 /app/myapp/app/smarty/libs/sysplugins/smarty_internal_template.php(217): Smarty_Template_Compiled->render()
#9 /app/myapp/app/smarty/libs/sysplugins/smarty_internal_template.php(386): Smarty_Internal_Template->render()
#10 /app/myapp/writable/cache/templates_c/080a20f01f810ad289d148b0b69bb771d4dc81e3_0.file.layout.tpl.php(28): Smarty_Internal_Template->_subTemplateRender()
#11 /app/myapp/app/smarty/libs/sysplugins/smarty_template_resource_base.php(123): content_6448f0d638a8c3_98408407()
#12 /app/myapp/app/smarty/libs/sysplugins/smarty_template_compiled.php(114): Smarty_Template_Resource_Base->getRenderedTemplateCode()
#13 /app/myapp/app/smarty/libs/sysplugins/smarty_internal_template.php(217): Smarty_Template_Compiled->render()
#14 /app/myapp/app/smarty/libs/sysplugins/smarty_internal_template.php(386): Smarty_Internal_Template->render()
#15 /app/myapp/app/smarty/libs/sysplugins/smarty_internal_runtime_inheritance.php(116): Smarty_Internal_Template->_subTemplateRender()
#16 /app/myapp/writable/cache/templates_c/8b493825e57f3d36c4efdeb5b30e364acbfffb58_0.file.home.tpl.php(30): Smarty_Internal_Runtime_Inheritance->endChild()
#17 /app/myapp/app/smarty/libs/sysplugins/smarty_template_resource_base.php(123): content_6447bdd99b02f8_19816868()
#18 /app/myapp/app/smarty/libs/sysplugins/smarty_template_compiled.php(114): Smarty_Template_Resource_Base->getRenderedTemplateCode()
#19 /app/myapp/app/smarty/libs/sysplugins/smarty_internal_template.php(217): Smarty_Template_Compiled->render()
#20 /app/myapp/app/smarty/libs/sysplugins/smarty_internal_templatebase.php(238): Smarty_Internal_Template->render()
#21 /app/myapp/app/smarty/libs/sysplugins/smarty_internal_templatebase.php(134): Smarty_Internal_TemplateBase->_execute()
#22 /app/myapp/app/Controllers/BaseController.php(69): Smarty_Internal_TemplateBase->display()
#23 /app/myapp/app/Controllers/Home.php(14): App\Controllers\BaseController->display()
#24 /app/myapp/system/CodeIgniter.php(825): App\Controllers\Home->index()
#25 /app/myapp/system/CodeIgniter.php(412): CodeIgniter\CodeIgniter->runController()
#26 /app/myapp/system/CodeIgniter.php(320): CodeIgniter\CodeIgniter->handleRequest()
#27 /app/myapp/public/index.php(37): CodeIgniter\CodeIgniter->run()
#28 {main}
CRITICAL - 2023-04-26 08:49:07 --> Trying to get property 'company_name' of non-object
#0 /app/myapp/writable/cache/templates_c/fb8eef2c666a45526385b6cb177473027fdfbdf8_0.file.nav.tpl.php(44): CodeIgniter\Debug\Exceptions->errorHandler()
#1 /app/myapp/app/smarty/libs/sysplugins/smarty_template_resource_base.php(123): content_64492bd31900a3_15958593()
#2 /app/myapp/app/smarty/libs/sysplugins/smarty_template_compiled.php(114): Smarty_Template_Resource_Base->getRenderedTemplateCode()
#3 /app/myapp/app/smarty/libs/sysplugins/smarty_internal_template.php(217): Smarty_Template_Compiled->render()
#4 /app/myapp/app/smarty/libs/sysplugins/smarty_internal_template.php(386): Smarty_Internal_Template->render()
#5 /app/myapp/writable/cache/templates_c/2e06904c519115e5120bf18f2fdda29e7609e2e5_0.file.head.tpl.php(42): Smarty_Internal_Template->_subTemplateRender()
#6 /app/myapp/app/smarty/libs/sysplugins/smarty_template_resource_base.php(123): content_6447b65d3b7010_56591266()
#7 /app/myapp/app/smarty/libs/sysplugins/smarty_template_compiled.php(114): Smarty_Template_Resource_Base->getRenderedTemplateCode()
#8 /app/myapp/app/smarty/libs/sysplugins/smarty_internal_template.php(217): Smarty_Template_Compiled->render()
#9 /app/myapp/app/smarty/libs/sysplugins/smarty_internal_template.php(386): Smarty_Internal_Template->render()
#10 /app/myapp/writable/cache/templates_c/080a20f01f810ad289d148b0b69bb771d4dc81e3_0.file.layout.tpl.php(28): Smarty_Internal_Template->_subTemplateRender()
#11 /app/myapp/app/smarty/libs/sysplugins/smarty_template_resource_base.php(123): content_6448f0d638a8c3_98408407()
#12 /app/myapp/app/smarty/libs/sysplugins/smarty_template_compiled.php(114): Smarty_Template_Resource_Base->getRenderedTemplateCode()
#13 /app/myapp/app/smarty/libs/sysplugins/smarty_internal_template.php(217): Smarty_Template_Compiled->render()
#14 /app/myapp/app/smarty/libs/sysplugins/smarty_internal_template.php(386): Smarty_Internal_Template->render()
#15 /app/myapp/app/smarty/libs/sysplugins/smarty_internal_runtime_inheritance.php(116): Smarty_Internal_Template->_subTemplateRender()
#16 /app/myapp/writable/cache/templates_c/8b493825e57f3d36c4efdeb5b30e364acbfffb58_0.file.home.tpl.php(30): Smarty_Internal_Runtime_Inheritance->endChild()
#17 /app/myapp/app/smarty/libs/sysplugins/smarty_template_resource_base.php(123): content_6447bdd99b02f8_19816868()
#18 /app/myapp/app/smarty/libs/sysplugins/smarty_template_compiled.php(114): Smarty_Template_Resource_Base->getRenderedTemplateCode()
#19 /app/myapp/app/smarty/libs/sysplugins/smarty_internal_template.php(217): Smarty_Template_Compiled->render()
#20 /app/myapp/app/smarty/libs/sysplugins/smarty_internal_templatebase.php(238): Smarty_Internal_Template->render()
#21 /app/myapp/app/smarty/libs/sysplugins/smarty_internal_templatebase.php(134): Smarty_Internal_TemplateBase->_execute()
#22 /app/myapp/app/Controllers/BaseController.php(69): Smarty_Internal_TemplateBase->display()
#23 /app/myapp/app/Controllers/Home.php(14): App\Controllers\BaseController->display()
#24 /app/myapp/system/CodeIgniter.php(825): App\Controllers\Home->index()
#25 /app/myapp/system/CodeIgniter.php(412): CodeIgniter\CodeIgniter->runController()
#26 /app/myapp/system/CodeIgniter.php(320): CodeIgniter\CodeIgniter->handleRequest()
#27 /app/myapp/public/index.php(37): CodeIgniter\CodeIgniter->run()
#28 {main}
CRITICAL - 2023-04-26 09:04:45 --> Undefined index: companies
#0 /app/myapp/writable/cache/templates_c/fb8eef2c666a45526385b6cb177473027fdfbdf8_0.file.nav.tpl.php(35): CodeIgniter\Debug\Exceptions->errorHandler()
#1 /app/myapp/app/smarty/libs/sysplugins/smarty_template_resource_base.php(123): content_64492e181a2715_15294431()
#2 /app/myapp/app/smarty/libs/sysplugins/smarty_template_compiled.php(114): Smarty_Template_Resource_Base->getRenderedTemplateCode()
#3 /app/myapp/app/smarty/libs/sysplugins/smarty_internal_template.php(217): Smarty_Template_Compiled->render()
#4 /app/myapp/app/smarty/libs/sysplugins/smarty_internal_template.php(386): Smarty_Internal_Template->render()
#5 /app/myapp/writable/cache/templates_c/2e06904c519115e5120bf18f2fdda29e7609e2e5_0.file.head.tpl.php(42): Smarty_Internal_Template->_subTemplateRender()
#6 /app/myapp/app/smarty/libs/sysplugins/smarty_template_resource_base.php(123): content_6447b65d3b7010_56591266()
#7 /app/myapp/app/smarty/libs/sysplugins/smarty_template_compiled.php(114): Smarty_Template_Resource_Base->getRenderedTemplateCode()
#8 /app/myapp/app/smarty/libs/sysplugins/smarty_internal_template.php(217): Smarty_Template_Compiled->render()
#9 /app/myapp/app/smarty/libs/sysplugins/smarty_internal_template.php(386): Smarty_Internal_Template->render()
#10 /app/myapp/writable/cache/templates_c/080a20f01f810ad289d148b0b69bb771d4dc81e3_0.file.layout.tpl.php(28): Smarty_Internal_Template->_subTemplateRender()
#11 /app/myapp/app/smarty/libs/sysplugins/smarty_template_resource_base.php(123): content_6448f0d638a8c3_98408407()
#12 /app/myapp/app/smarty/libs/sysplugins/smarty_template_compiled.php(114): Smarty_Template_Resource_Base->getRenderedTemplateCode()
#13 /app/myapp/app/smarty/libs/sysplugins/smarty_internal_template.php(217): Smarty_Template_Compiled->render()
#14 /app/myapp/app/smarty/libs/sysplugins/smarty_internal_template.php(386): Smarty_Internal_Template->render()
#15 /app/myapp/app/smarty/libs/sysplugins/smarty_internal_runtime_inheritance.php(116): Smarty_Internal_Template->_subTemplateRender()
#16 /app/myapp/writable/cache/templates_c/666843a7a1183200008118102daf5d07a056c1e4_0.file.synthese.tpl.php(30): Smarty_Internal_Runtime_Inheritance->endChild()
#17 /app/myapp/app/smarty/libs/sysplugins/smarty_template_resource_base.php(123): content_6448f4d51d0c09_24972159()
#18 /app/myapp/app/smarty/libs/sysplugins/smarty_template_compiled.php(114): Smarty_Template_Resource_Base->getRenderedTemplateCode()
#19 /app/myapp/app/smarty/libs/sysplugins/smarty_internal_template.php(217): Smarty_Template_Compiled->render()
#20 /app/myapp/app/smarty/libs/sysplugins/smarty_internal_templatebase.php(238): Smarty_Internal_Template->render()
#21 /app/myapp/app/smarty/libs/sysplugins/smarty_internal_templatebase.php(134): Smarty_Internal_TemplateBase->_execute()
#22 /app/myapp/app/Controllers/BaseController.php(69): Smarty_Internal_TemplateBase->display()
#23 /app/myapp/app/Controllers/Synthese.php(19): App\Controllers\BaseController->display()
#24 /app/myapp/system/CodeIgniter.php(825): App\Controllers\Synthese->test()
#25 /app/myapp/system/CodeIgniter.php(412): CodeIgniter\CodeIgniter->runController()
#26 /app/myapp/system/CodeIgniter.php(320): CodeIgniter\CodeIgniter->handleRequest()
#27 /app/myapp/public/index.php(37): CodeIgniter\CodeIgniter->run()
#28 {main}
CRITICAL - 2023-04-26 09:12:39 --> Undefined index: company_id
#0 /app/myapp/writable/cache/templates_c/fb8eef2c666a45526385b6cb177473027fdfbdf8_0.file.nav.tpl.php(34): CodeIgniter\Debug\Exceptions->errorHandler()
#1 /app/myapp/app/smarty/libs/sysplugins/smarty_template_resource_base.php(123): content_644930a4556c72_32012952()
#2 /app/myapp/app/smarty/libs/sysplugins/smarty_template_compiled.php(114): Smarty_Template_Resource_Base->getRenderedTemplateCode()
#3 /app/myapp/app/smarty/libs/sysplugins/smarty_internal_template.php(217): Smarty_Template_Compiled->render()
#4 /app/myapp/app/smarty/libs/sysplugins/smarty_internal_template.php(386): Smarty_Internal_Template->render()
#5 /app/myapp/writable/cache/templates_c/2e06904c519115e5120bf18f2fdda29e7609e2e5_0.file.head.tpl.php(42): Smarty_Internal_Template->_subTemplateRender()
#6 /app/myapp/app/smarty/libs/sysplugins/smarty_template_resource_base.php(123): content_6447b65d3b7010_56591266()
#7 /app/myapp/app/smarty/libs/sysplugins/smarty_template_compiled.php(114): Smarty_Template_Resource_Base->getRenderedTemplateCode()
#8 /app/myapp/app/smarty/libs/sysplugins/smarty_internal_template.php(217): Smarty_Template_Compiled->render()
#9 /app/myapp/app/smarty/libs/sysplugins/smarty_internal_template.php(386): Smarty_Internal_Template->render()
#10 /app/myapp/writable/cache/templates_c/080a20f01f810ad289d148b0b69bb771d4dc81e3_0.file.layout.tpl.php(28): Smarty_Internal_Template->_subTemplateRender()
#11 /app/myapp/app/smarty/libs/sysplugins/smarty_template_resource_base.php(123): content_6448f0d638a8c3_98408407()
#12 /app/myapp/app/smarty/libs/sysplugins/smarty_template_compiled.php(114): Smarty_Template_Resource_Base->getRenderedTemplateCode()
#13 /app/myapp/app/smarty/libs/sysplugins/smarty_internal_template.php(217): Smarty_Template_Compiled->render()
#14 /app/myapp/app/smarty/libs/sysplugins/smarty_internal_template.php(386): Smarty_Internal_Template->render()
#15 /app/myapp/app/smarty/libs/sysplugins/smarty_internal_runtime_inheritance.php(116): Smarty_Internal_Template->_subTemplateRender()
#16 /app/myapp/writable/cache/templates_c/4d56f70468d0f66dc472e5a97158e4e0667c7572_0.file.axe-reactivite.tpl.php(30): Smarty_Internal_Runtime_Inheritance->endChild()
#17 /app/myapp/app/smarty/libs/sysplugins/smarty_template_resource_base.php(123): content_6447bf28015302_03615473()
#18 /app/myapp/app/smarty/libs/sysplugins/smarty_template_compiled.php(114): Smarty_Template_Resource_Base->getRenderedTemplateCode()
#19 /app/myapp/app/smarty/libs/sysplugins/smarty_internal_template.php(217): Smarty_Template_Compiled->render()
#20 /app/myapp/app/smarty/libs/sysplugins/smarty_internal_templatebase.php(238): Smarty_Internal_Template->render()
#21 /app/myapp/app/smarty/libs/sysplugins/smarty_internal_templatebase.php(134): Smarty_Internal_TemplateBase->_execute()
#22 /app/myapp/app/Controllers/BaseController.php(69): Smarty_Internal_TemplateBase->display()
#23 /app/myapp/app/Controllers/Reactivite.php(13): App\Controllers\BaseController->display()
#24 /app/myapp/system/CodeIgniter.php(825): App\Controllers\Reactivite->index()
#25 /app/myapp/system/CodeIgniter.php(412): CodeIgniter\CodeIgniter->runController()
#26 /app/myapp/system/CodeIgniter.php(320): CodeIgniter\CodeIgniter->handleRequest()
#27 /app/myapp/public/index.php(37): CodeIgniter\CodeIgniter->run()
#28 {main}
CRITICAL - 2023-04-26 09:13:27 --> Undefined variable: company_id
#0 /app/myapp/app/Controllers/Reactivite.php(13): CodeIgniter\Debug\Exceptions->errorHandler()
#1 /app/myapp/system/CodeIgniter.php(825): App\Controllers\Reactivite->index()
#2 /app/myapp/system/CodeIgniter.php(412): CodeIgniter\CodeIgniter->runController()
#3 /app/myapp/system/CodeIgniter.php(320): CodeIgniter\CodeIgniter->handleRequest()
#4 /app/myapp/public/index.php(37): CodeIgniter\CodeIgniter->run()
#5 {main}
CRITICAL - 2023-04-26 09:18:21 --> Undefined index: company_id
#0 /app/myapp/writable/cache/templates_c/fb8eef2c666a45526385b6cb177473027fdfbdf8_0.file.nav.tpl.php(34): CodeIgniter\Debug\Exceptions->errorHandler()
#1 /app/myapp/app/smarty/libs/sysplugins/smarty_template_resource_base.php(123): content_644930a4556c72_32012952()
#2 /app/myapp/app/smarty/libs/sysplugins/smarty_template_compiled.php(114): Smarty_Template_Resource_Base->getRenderedTemplateCode()
#3 /app/myapp/app/smarty/libs/sysplugins/smarty_internal_template.php(217): Smarty_Template_Compiled->render()
#4 /app/myapp/app/smarty/libs/sysplugins/smarty_internal_template.php(386): Smarty_Internal_Template->render()
#5 /app/myapp/writable/cache/templates_c/2e06904c519115e5120bf18f2fdda29e7609e2e5_0.file.head.tpl.php(42): Smarty_Internal_Template->_subTemplateRender()
#6 /app/myapp/app/smarty/libs/sysplugins/smarty_template_resource_base.php(123): content_6447b65d3b7010_56591266()
#7 /app/myapp/app/smarty/libs/sysplugins/smarty_template_compiled.php(114): Smarty_Template_Resource_Base->getRenderedTemplateCode()
#8 /app/myapp/app/smarty/libs/sysplugins/smarty_internal_template.php(217): Smarty_Template_Compiled->render()
#9 /app/myapp/app/smarty/libs/sysplugins/smarty_internal_template.php(386): Smarty_Internal_Template->render()
#10 /app/myapp/writable/cache/templates_c/080a20f01f810ad289d148b0b69bb771d4dc81e3_0.file.layout.tpl.php(28): Smarty_Internal_Template->_subTemplateRender()
#11 /app/myapp/app/smarty/libs/sysplugins/smarty_template_resource_base.php(123): content_6448f0d638a8c3_98408407()
#12 /app/myapp/app/smarty/libs/sysplugins/smarty_template_compiled.php(114): Smarty_Template_Resource_Base->getRenderedTemplateCode()
#13 /app/myapp/app/smarty/libs/sysplugins/smarty_internal_template.php(217): Smarty_Template_Compiled->render()
#14 /app/myapp/app/smarty/libs/sysplugins/smarty_internal_template.php(386): Smarty_Internal_Template->render()
#15 /app/myapp/app/smarty/libs/sysplugins/smarty_internal_runtime_inheritance.php(116): Smarty_Internal_Template->_subTemplateRender()
#16 /app/myapp/writable/cache/templates_c/393f4df1a03687bd7669ca6ec7e647088f9023e6_0.file.analyse.tpl.php(30): Smarty_Internal_Runtime_Inheritance->endChild()
#17 /app/myapp/app/smarty/libs/sysplugins/smarty_template_resource_base.php(123): content_6447bfe6011f58_88909090()
#18 /app/myapp/app/smarty/libs/sysplugins/smarty_template_compiled.php(114): Smarty_Template_Resource_Base->getRenderedTemplateCode()
#19 /app/myapp/app/smarty/libs/sysplugins/smarty_internal_template.php(217): Smarty_Template_Compiled->render()
#20 /app/myapp/app/smarty/libs/sysplugins/smarty_internal_templatebase.php(238): Smarty_Internal_Template->render()
#21 /app/myapp/app/smarty/libs/sysplugins/smarty_internal_templatebase.php(134): Smarty_Internal_TemplateBase->_execute()
#22 /app/myapp/app/Controllers/BaseController.php(69): Smarty_Internal_TemplateBase->display()
#23 /app/myapp/app/Controllers/Analyse.php(13): App\Controllers\BaseController->display()
#24 /app/myapp/system/CodeIgniter.php(825): App\Controllers\Analyse->index()
#25 /app/myapp/system/CodeIgniter.php(412): CodeIgniter\CodeIgniter->runController()
#26 /app/myapp/system/CodeIgniter.php(320): CodeIgniter\CodeIgniter->handleRequest()
#27 /app/myapp/public/index.php(37): CodeIgniter\CodeIgniter->run()
#28 {main}
CRITICAL - 2023-04-26 09:19:16 --> Undefined index: company_id
#0 /app/myapp/writable/cache/templates_c/fb8eef2c666a45526385b6cb177473027fdfbdf8_0.file.nav.tpl.php(34): CodeIgniter\Debug\Exceptions->errorHandler()
#1 /app/myapp/app/smarty/libs/sysplugins/smarty_template_resource_base.php(123): content_644930a4556c72_32012952()
#2 /app/myapp/app/smarty/libs/sysplugins/smarty_template_compiled.php(114): Smarty_Template_Resource_Base->getRenderedTemplateCode()
#3 /app/myapp/app/smarty/libs/sysplugins/smarty_internal_template.php(217): Smarty_Template_Compiled->render()
#4 /app/myapp/app/smarty/libs/sysplugins/smarty_internal_template.php(386): Smarty_Internal_Template->render()
#5 /app/myapp/writable/cache/templates_c/2e06904c519115e5120bf18f2fdda29e7609e2e5_0.file.head.tpl.php(42): Smarty_Internal_Template->_subTemplateRender()
#6 /app/myapp/app/smarty/libs/sysplugins/smarty_template_resource_base.php(123): content_6447b65d3b7010_56591266()
#7 /app/myapp/app/smarty/libs/sysplugins/smarty_template_compiled.php(114): Smarty_Template_Resource_Base->getRenderedTemplateCode()
#8 /app/myapp/app/smarty/libs/sysplugins/smarty_internal_template.php(217): Smarty_Template_Compiled->render()
#9 /app/myapp/app/smarty/libs/sysplugins/smarty_internal_template.php(386): Smarty_Internal_Template->render()
#10 /app/myapp/writable/cache/templates_c/080a20f01f810ad289d148b0b69bb771d4dc81e3_0.file.layout.tpl.php(28): Smarty_Internal_Template->_subTemplateRender()
#11 /app/myapp/app/smarty/libs/sysplugins/smarty_template_resource_base.php(123): content_6448f0d638a8c3_98408407()
#12 /app/myapp/app/smarty/libs/sysplugins/smarty_template_compiled.php(114): Smarty_Template_Resource_Base->getRenderedTemplateCode()
#13 /app/myapp/app/smarty/libs/sysplugins/smarty_internal_template.php(217): Smarty_Template_Compiled->render()
#14 /app/myapp/app/smarty/libs/sysplugins/smarty_internal_template.php(386): Smarty_Internal_Template->render()
#15 /app/myapp/app/smarty/libs/sysplugins/smarty_internal_runtime_inheritance.php(116): Smarty_Internal_Template->_subTemplateRender()
#16 /app/myapp/writable/cache/templates_c/393f4df1a03687bd7669ca6ec7e647088f9023e6_0.file.analyse.tpl.php(30): Smarty_Internal_Runtime_Inheritance->endChild()
#17 /app/myapp/app/smarty/libs/sysplugins/smarty_template_resource_base.php(123): content_6447bfe6011f58_88909090()
#18 /app/myapp/app/smarty/libs/sysplugins/smarty_template_compiled.php(114): Smarty_Template_Resource_Base->getRenderedTemplateCode()
#19 /app/myapp/app/smarty/libs/sysplugins/smarty_internal_template.php(217): Smarty_Template_Compiled->render()
#20 /app/myapp/app/smarty/libs/sysplugins/smarty_internal_templatebase.php(238): Smarty_Internal_Template->render()
#21 /app/myapp/app/smarty/libs/sysplugins/smarty_internal_templatebase.php(134): Smarty_Internal_TemplateBase->_execute()
#22 /app/myapp/app/Controllers/BaseController.php(69): Smarty_Internal_TemplateBase->display()
#23 /app/myapp/app/Controllers/Analyse.php(13): App\Controllers\BaseController->display()
#24 /app/myapp/system/CodeIgniter.php(825): App\Controllers\Analyse->index()
#25 /app/myapp/system/CodeIgniter.php(412): CodeIgniter\CodeIgniter->runController()
#26 /app/myapp/system/CodeIgniter.php(320): CodeIgniter\CodeIgniter->handleRequest()
#27 /app/myapp/public/index.php(37): CodeIgniter\CodeIgniter->run()
#28 {main}
CRITICAL - 2023-04-26 09:20:55 --> Undefined index: company_id
#0 /app/myapp/writable/cache/templates_c/fb8eef2c666a45526385b6cb177473027fdfbdf8_0.file.nav.tpl.php(34): CodeIgniter\Debug\Exceptions->errorHandler()
#1 /app/myapp/app/smarty/libs/sysplugins/smarty_template_resource_base.php(123): content_644930a4556c72_32012952()
#2 /app/myapp/app/smarty/libs/sysplugins/smarty_template_compiled.php(114): Smarty_Template_Resource_Base->getRenderedTemplateCode()
#3 /app/myapp/app/smarty/libs/sysplugins/smarty_internal_template.php(217): Smarty_Template_Compiled->render()
#4 /app/myapp/app/smarty/libs/sysplugins/smarty_internal_template.php(386): Smarty_Internal_Template->render()
#5 /app/myapp/writable/cache/templates_c/2e06904c519115e5120bf18f2fdda29e7609e2e5_0.file.head.tpl.php(42): Smarty_Internal_Template->_subTemplateRender()
#6 /app/myapp/app/smarty/libs/sysplugins/smarty_template_resource_base.php(123): content_6447b65d3b7010_56591266()
#7 /app/myapp/app/smarty/libs/sysplugins/smarty_template_compiled.php(114): Smarty_Template_Resource_Base->getRenderedTemplateCode()
#8 /app/myapp/app/smarty/libs/sysplugins/smarty_internal_template.php(217): Smarty_Template_Compiled->render()
#9 /app/myapp/app/smarty/libs/sysplugins/smarty_internal_template.php(386): Smarty_Internal_Template->render()
#10 /app/myapp/writable/cache/templates_c/080a20f01f810ad289d148b0b69bb771d4dc81e3_0.file.layout.tpl.php(28): Smarty_Internal_Template->_subTemplateRender()
#11 /app/myapp/app/smarty/libs/sysplugins/smarty_template_resource_base.php(123): content_6448f0d638a8c3_98408407()
#12 /app/myapp/app/smarty/libs/sysplugins/smarty_template_compiled.php(114): Smarty_Template_Resource_Base->getRenderedTemplateCode()
#13 /app/myapp/app/smarty/libs/sysplugins/smarty_internal_template.php(217): Smarty_Template_Compiled->render()
#14 /app/myapp/app/smarty/libs/sysplugins/smarty_internal_template.php(386): Smarty_Internal_Template->render()
#15 /app/myapp/app/smarty/libs/sysplugins/smarty_internal_runtime_inheritance.php(116): Smarty_Internal_Template->_subTemplateRender()
#16 /app/myapp/writable/cache/templates_c/393f4df1a03687bd7669ca6ec7e647088f9023e6_0.file.analyse.tpl.php(30): Smarty_Internal_Runtime_Inheritance->endChild()
#17 /app/myapp/app/smarty/libs/sysplugins/smarty_template_resource_base.php(123): content_6447bfe6011f58_88909090()
#18 /app/myapp/app/smarty/libs/sysplugins/smarty_template_compiled.php(114): Smarty_Template_Resource_Base->getRenderedTemplateCode()
#19 /app/myapp/app/smarty/libs/sysplugins/smarty_internal_template.php(217): Smarty_Template_Compiled->render()
#20 /app/myapp/app/smarty/libs/sysplugins/smarty_internal_templatebase.php(238): Smarty_Internal_Template->render()
#21 /app/myapp/app/smarty/libs/sysplugins/smarty_internal_templatebase.php(134): Smarty_Internal_TemplateBase->_execute()
#22 /app/myapp/app/Controllers/BaseController.php(69): Smarty_Internal_TemplateBase->display()
#23 /app/myapp/app/Controllers/Analyse.php(13): App\Controllers\BaseController->display()
#24 /app/myapp/system/CodeIgniter.php(825): App\Controllers\Analyse->index()
#25 /app/myapp/system/CodeIgniter.php(412): CodeIgniter\CodeIgniter->runController()
#26 /app/myapp/system/CodeIgniter.php(320): CodeIgniter\CodeIgniter->handleRequest()
#27 /app/myapp/public/index.php(37): CodeIgniter\CodeIgniter->run()
#28 {main}
CRITICAL - 2023-04-26 09:21:21 --> Undefined index: company_id
#0 /app/myapp/writable/cache/templates_c/fb8eef2c666a45526385b6cb177473027fdfbdf8_0.file.nav.tpl.php(34): CodeIgniter\Debug\Exceptions->errorHandler()
#1 /app/myapp/app/smarty/libs/sysplugins/smarty_template_resource_base.php(123): content_644930a4556c72_32012952()
#2 /app/myapp/app/smarty/libs/sysplugins/smarty_template_compiled.php(114): Smarty_Template_Resource_Base->getRenderedTemplateCode()
#3 /app/myapp/app/smarty/libs/sysplugins/smarty_internal_template.php(217): Smarty_Template_Compiled->render()
#4 /app/myapp/app/smarty/libs/sysplugins/smarty_internal_template.php(386): Smarty_Internal_Template->render()
#5 /app/myapp/writable/cache/templates_c/2e06904c519115e5120bf18f2fdda29e7609e2e5_0.file.head.tpl.php(42): Smarty_Internal_Template->_subTemplateRender()
#6 /app/myapp/app/smarty/libs/sysplugins/smarty_template_resource_base.php(123): content_6447b65d3b7010_56591266()
#7 /app/myapp/app/smarty/libs/sysplugins/smarty_template_compiled.php(114): Smarty_Template_Resource_Base->getRenderedTemplateCode()
#8 /app/myapp/app/smarty/libs/sysplugins/smarty_internal_template.php(217): Smarty_Template_Compiled->render()
#9 /app/myapp/app/smarty/libs/sysplugins/smarty_internal_template.php(386): Smarty_Internal_Template->render()
#10 /app/myapp/writable/cache/templates_c/080a20f01f810ad289d148b0b69bb771d4dc81e3_0.file.layout.tpl.php(28): Smarty_Internal_Template->_subTemplateRender()
#11 /app/myapp/app/smarty/libs/sysplugins/smarty_template_resource_base.php(123): content_6448f0d638a8c3_98408407()
#12 /app/myapp/app/smarty/libs/sysplugins/smarty_template_compiled.php(114): Smarty_Template_Resource_Base->getRenderedTemplateCode()
#13 /app/myapp/app/smarty/libs/sysplugins/smarty_internal_template.php(217): Smarty_Template_Compiled->render()
#14 /app/myapp/app/smarty/libs/sysplugins/smarty_internal_template.php(386): Smarty_Internal_Template->render()
#15 /app/myapp/app/smarty/libs/sysplugins/smarty_internal_runtime_inheritance.php(116): Smarty_Internal_Template->_subTemplateRender()
#16 /app/myapp/writable/cache/templates_c/393f4df1a03687bd7669ca6ec7e647088f9023e6_0.file.analyse.tpl.php(30): Smarty_Internal_Runtime_Inheritance->endChild()
#17 /app/myapp/app/smarty/libs/sysplugins/smarty_template_resource_base.php(123): content_6447bfe6011f58_88909090()
#18 /app/myapp/app/smarty/libs/sysplugins/smarty_template_compiled.php(114): Smarty_Template_Resource_Base->getRenderedTemplateCode()
#19 /app/myapp/app/smarty/libs/sysplugins/smarty_internal_template.php(217): Smarty_Template_Compiled->render()
#20 /app/myapp/app/smarty/libs/sysplugins/smarty_internal_templatebase.php(238): Smarty_Internal_Template->render()
#21 /app/myapp/app/smarty/libs/sysplugins/smarty_internal_templatebase.php(134): Smarty_Internal_TemplateBase->_execute()
#22 /app/myapp/app/Controllers/BaseController.php(69): Smarty_Internal_TemplateBase->display()
#23 /app/myapp/app/Controllers/Analyse.php(13): App\Controllers\BaseController->display()
#24 /app/myapp/system/CodeIgniter.php(825): App\Controllers\Analyse->index()
#25 /app/myapp/system/CodeIgniter.php(412): CodeIgniter\CodeIgniter->runController()
#26 /app/myapp/system/CodeIgniter.php(320): CodeIgniter\CodeIgniter->handleRequest()
#27 /app/myapp/public/index.php(37): CodeIgniter\CodeIgniter->run()
#28 {main}
CRITICAL - 2023-04-26 09:26:00 --> Class 'App\Models\Analyse_model' not found
#0 /app/myapp/system/CodeIgniter.php(825): App\Controllers\Analyse->index()
#1 /app/myapp/system/CodeIgniter.php(412): CodeIgniter\CodeIgniter->runController()
#2 /app/myapp/system/CodeIgniter.php(320): CodeIgniter\CodeIgniter->handleRequest()
#3 /app/myapp/public/index.php(37): CodeIgniter\CodeIgniter->run()
#4 {main}
CRITICAL - 2023-04-26 09:28:37 --> Undefined index: objsNum
#0 /app/myapp/writable/cache/templates_c/2ef669a7229c9e17b474ee35d8bd6f6ef8cc0dd8_0.file.axe-numerique.tpl.php(57): CodeIgniter\Debug\Exceptions->errorHandler()
#1 /app/myapp/app/smarty/libs/sysplugins/smarty_internal_runtime_inheritance.php(248): Block_133388398664493515ce9c56_17698843->callBlock()
#2 /app/myapp/app/smarty/libs/sysplugins/smarty_internal_runtime_inheritance.php(184): Smarty_Internal_Runtime_Inheritance->callBlock()
#3 /app/myapp/app/smarty/libs/sysplugins/smarty_internal_runtime_inheritance.php(186): Smarty_Internal_Runtime_Inheritance->process()
#4 /app/myapp/app/smarty/libs/sysplugins/smarty_internal_runtime_inheritance.php(156): Smarty_Internal_Runtime_Inheritance->process()
#5 /app/myapp/writable/cache/templates_c/080a20f01f810ad289d148b0b69bb771d4dc81e3_0.file.layout.tpl.php(33): Smarty_Internal_Runtime_Inheritance->instanceBlock()
#6 /app/myapp/app/smarty/libs/sysplugins/smarty_template_resource_base.php(123): content_6448f0d638a8c3_98408407()
#7 /app/myapp/app/smarty/libs/sysplugins/smarty_template_compiled.php(114): Smarty_Template_Resource_Base->getRenderedTemplateCode()
#8 /app/myapp/app/smarty/libs/sysplugins/smarty_internal_template.php(217): Smarty_Template_Compiled->render()
#9 /app/myapp/app/smarty/libs/sysplugins/smarty_internal_template.php(386): Smarty_Internal_Template->render()
#10 /app/myapp/app/smarty/libs/sysplugins/smarty_internal_runtime_inheritance.php(116): Smarty_Internal_Template->_subTemplateRender()
#11 /app/myapp/writable/cache/templates_c/2ef669a7229c9e17b474ee35d8bd6f6ef8cc0dd8_0.file.axe-numerique.tpl.php(30): Smarty_Internal_Runtime_Inheritance->endChild()
#12 /app/myapp/app/smarty/libs/sysplugins/smarty_template_resource_base.php(123): content_64493515d6e587_40640255()
#13 /app/myapp/app/smarty/libs/sysplugins/smarty_template_compiled.php(114): Smarty_Template_Resource_Base->getRenderedTemplateCode()
#14 /app/myapp/app/smarty/libs/sysplugins/smarty_internal_template.php(217): Smarty_Template_Compiled->render()
#15 /app/myapp/app/smarty/libs/sysplugins/smarty_internal_templatebase.php(238): Smarty_Internal_Template->render()
#16 /app/myapp/app/smarty/libs/sysplugins/smarty_internal_templatebase.php(134): Smarty_Internal_TemplateBase->_execute()
#17 /app/myapp/app/Controllers/BaseController.php(69): Smarty_Internal_TemplateBase->display()
#18 /app/myapp/app/Controllers/Numerique.php(15): App\Controllers\BaseController->display()
#19 /app/myapp/system/CodeIgniter.php(825): App\Controllers\Numerique->index()
#20 /app/myapp/system/CodeIgniter.php(412): CodeIgniter\CodeIgniter->runController()
#21 /app/myapp/system/CodeIgniter.php(320): CodeIgniter\CodeIgniter->handleRequest()
#22 /app/myapp/public/index.php(37): CodeIgniter\CodeIgniter->run()
#23 {main}
CRITICAL - 2023-04-26 09:29:58 --> Undefined index: objAna
#0 /app/myapp/writable/cache/templates_c/393f4df1a03687bd7669ca6ec7e647088f9023e6_0.file.analyse.tpl.php(56): CodeIgniter\Debug\Exceptions->errorHandler()
#1 /app/myapp/app/smarty/libs/sysplugins/smarty_internal_runtime_inheritance.php(248): Block_47185848264493566ca5cd1_27388620->callBlock()
#2 /app/myapp/app/smarty/libs/sysplugins/smarty_internal_runtime_inheritance.php(184): Smarty_Internal_Runtime_Inheritance->callBlock()
#3 /app/myapp/app/smarty/libs/sysplugins/smarty_internal_runtime_inheritance.php(186): Smarty_Internal_Runtime_Inheritance->process()
#4 /app/myapp/app/smarty/libs/sysplugins/smarty_internal_runtime_inheritance.php(156): Smarty_Internal_Runtime_Inheritance->process()
#5 /app/myapp/writable/cache/templates_c/080a20f01f810ad289d148b0b69bb771d4dc81e3_0.file.layout.tpl.php(33): Smarty_Internal_Runtime_Inheritance->instanceBlock()
#6 /app/myapp/app/smarty/libs/sysplugins/smarty_template_resource_base.php(123): content_6448f0d638a8c3_98408407()
#7 /app/myapp/app/smarty/libs/sysplugins/smarty_template_compiled.php(114): Smarty_Template_Resource_Base->getRenderedTemplateCode()
#8 /app/myapp/app/smarty/libs/sysplugins/smarty_internal_template.php(217): Smarty_Template_Compiled->render()
#9 /app/myapp/app/smarty/libs/sysplugins/smarty_internal_template.php(386): Smarty_Internal_Template->render()
#10 /app/myapp/app/smarty/libs/sysplugins/smarty_internal_runtime_inheritance.php(116): Smarty_Internal_Template->_subTemplateRender()
#11 /app/myapp/writable/cache/templates_c/393f4df1a03687bd7669ca6ec7e647088f9023e6_0.file.analyse.tpl.php(30): Smarty_Internal_Runtime_Inheritance->endChild()
#12 /app/myapp/app/smarty/libs/sysplugins/smarty_template_resource_base.php(123): content_64493566d18e87_31142587()
#13 /app/myapp/app/smarty/libs/sysplugins/smarty_template_compiled.php(114): Smarty_Template_Resource_Base->getRenderedTemplateCode()
#14 /app/myapp/app/smarty/libs/sysplugins/smarty_internal_template.php(217): Smarty_Template_Compiled->render()
#15 /app/myapp/app/smarty/libs/sysplugins/smarty_internal_templatebase.php(238): Smarty_Internal_Template->render()
#16 /app/myapp/app/smarty/libs/sysplugins/smarty_internal_templatebase.php(134): Smarty_Internal_TemplateBase->_execute()
#17 /app/myapp/app/Controllers/BaseController.php(69): Smarty_Internal_TemplateBase->display()
#18 /app/myapp/app/Controllers/Analyse.php(18): App\Controllers\BaseController->display()
#19 /app/myapp/system/CodeIgniter.php(825): App\Controllers\Analyse->index()
#20 /app/myapp/system/CodeIgniter.php(412): CodeIgniter\CodeIgniter->runController()
#21 /app/myapp/system/CodeIgniter.php(320): CodeIgniter\CodeIgniter->handleRequest()
#22 /app/myapp/public/index.php(37): CodeIgniter\CodeIgniter->run()
#23 {main}
CRITICAL - 2023-04-26 09:34:16 --> Class 'App\Models\Reactivite_model' not found
#0 /app/myapp/system/CodeIgniter.php(825): App\Controllers\Reactivite->index()
#1 /app/myapp/system/CodeIgniter.php(412): CodeIgniter\CodeIgniter->runController()
#2 /app/myapp/system/CodeIgniter.php(320): CodeIgniter\CodeIgniter->handleRequest()
#3 /app/myapp/public/index.php(37): CodeIgniter\CodeIgniter->run()
#4 {main}
CRITICAL - 2023-04-26 09:34:56 --> Undefined variable: objAna
#0 /app/myapp/app/Controllers/Reactivite.php(17): CodeIgniter\Debug\Exceptions->errorHandler()
#1 /app/myapp/system/CodeIgniter.php(825): App\Controllers\Reactivite->index()
#2 /app/myapp/system/CodeIgniter.php(412): CodeIgniter\CodeIgniter->runController()
#3 /app/myapp/system/CodeIgniter.php(320): CodeIgniter\CodeIgniter->handleRequest()
#4 /app/myapp/public/index.php(37): CodeIgniter\CodeIgniter->run()
#5 {main}
CRITICAL - 2023-04-26 09:36:35 --> Too few arguments to function App\Models\Company_model::retrieveAll(), 0 passed in /app/myapp/app/Controllers/Home.php on line 11 and exactly 1 expected
#0 /app/myapp/app/Controllers/Home.php(11): App\Models\Company_model->retrieveAll()
#1 /app/myapp/system/CodeIgniter.php(825): App\Controllers\Home->index()
#2 /app/myapp/system/CodeIgniter.php(412): CodeIgniter\CodeIgniter->runController()
#3 /app/myapp/system/CodeIgniter.php(320): CodeIgniter\CodeIgniter->handleRequest()
#4 /app/myapp/public/index.php(37): CodeIgniter\CodeIgniter->run()
#5 {main}
CRITICAL - 2023-04-26 09:39:40 --> Undefined index: objsNum
#0 /app/myapp/writable/cache/templates_c/2ef669a7229c9e17b474ee35d8bd6f6ef8cc0dd8_0.file.axe-numerique.tpl.php(57): CodeIgniter\Debug\Exceptions->errorHandler()
#1 /app/myapp/app/smarty/libs/sysplugins/smarty_internal_runtime_inheritance.php(248): Block_133388398664493515ce9c56_17698843->callBlock()
#2 /app/myapp/app/smarty/libs/sysplugins/smarty_internal_runtime_inheritance.php(184): Smarty_Internal_Runtime_Inheritance->callBlock()
#3 /app/myapp/app/smarty/libs/sysplugins/smarty_internal_runtime_inheritance.php(186): Smarty_Internal_Runtime_Inheritance->process()
#4 /app/myapp/app/smarty/libs/sysplugins/smarty_internal_runtime_inheritance.php(156): Smarty_Internal_Runtime_Inheritance->process()
#5 /app/myapp/writable/cache/templates_c/080a20f01f810ad289d148b0b69bb771d4dc81e3_0.file.layout.tpl.php(33): Smarty_Internal_Runtime_Inheritance->instanceBlock()
#6 /app/myapp/app/smarty/libs/sysplugins/smarty_template_resource_base.php(123): content_6448f0d638a8c3_98408407()
#7 /app/myapp/app/smarty/libs/sysplugins/smarty_template_compiled.php(114): Smarty_Template_Resource_Base->getRenderedTemplateCode()
#8 /app/myapp/app/smarty/libs/sysplugins/smarty_internal_template.php(217): Smarty_Template_Compiled->render()
#9 /app/myapp/app/smarty/libs/sysplugins/smarty_internal_template.php(386): Smarty_Internal_Template->render()
#10 /app/myapp/app/smarty/libs/sysplugins/smarty_internal_runtime_inheritance.php(116): Smarty_Internal_Template->_subTemplateRender()
#11 /app/myapp/writable/cache/templates_c/2ef669a7229c9e17b474ee35d8bd6f6ef8cc0dd8_0.file.axe-numerique.tpl.php(30): Smarty_Internal_Runtime_Inheritance->endChild()
#12 /app/myapp/app/smarty/libs/sysplugins/smarty_template_resource_base.php(123): content_64493515d6e587_40640255()
#13 /app/myapp/app/smarty/libs/sysplugins/smarty_template_compiled.php(114): Smarty_Template_Resource_Base->getRenderedTemplateCode()
#14 /app/myapp/app/smarty/libs/sysplugins/smarty_internal_template.php(217): Smarty_Template_Compiled->render()
#15 /app/myapp/app/smarty/libs/sysplugins/smarty_internal_templatebase.php(238): Smarty_Internal_Template->render()
#16 /app/myapp/app/smarty/libs/sysplugins/smarty_internal_templatebase.php(134): Smarty_Internal_TemplateBase->_execute()
#17 /app/myapp/app/Controllers/BaseController.php(69): Smarty_Internal_TemplateBase->display()
#18 /app/myapp/app/Controllers/Numerique.php(15): App\Controllers\BaseController->display()
#19 /app/myapp/system/CodeIgniter.php(825): App\Controllers\Numerique->index()
#20 /app/myapp/system/CodeIgniter.php(412): CodeIgniter\CodeIgniter->runController()
#21 /app/myapp/system/CodeIgniter.php(320): CodeIgniter\CodeIgniter->handleRequest()
#22 /app/myapp/public/index.php(37): CodeIgniter\CodeIgniter->run()
#23 {main}
CRITICAL - 2023-04-26 09:41:28 --> Class 'App\Controllers\Numerique_model' not found
#0 /app/myapp/system/CodeIgniter.php(825): App\Controllers\Numerique->index()
#1 /app/myapp/system/CodeIgniter.php(412): CodeIgniter\CodeIgniter->runController()
#2 /app/myapp/system/CodeIgniter.php(320): CodeIgniter\CodeIgniter->handleRequest()
#3 /app/myapp/public/index.php(37): CodeIgniter\CodeIgniter->run()
#4 {main}
ERROR - 2023-04-26 09:42:52 --> Table 'stransverse.axe_numerique' doesn't exist
CRITICAL - 2023-04-26 09:42:52 --> Table 'stransverse.axe_numerique' doesn't exist
#0 /app/myapp/system/Database/MySQLi/Connection.php(292): mysqli->query()
#1 /app/myapp/system/Database/BaseConnection.php(670): CodeIgniter\Database\MySQLi\Connection->execute()
#2 /app/myapp/system/Database/BaseConnection.php(598): CodeIgniter\Database\BaseConnection->simpleQuery()
#3 /app/myapp/system/Database/BaseBuilder.php(1455): CodeIgniter\Database\BaseConnection->query()
#4 /app/myapp/system/Model.php(183): CodeIgniter\Database\BaseBuilder->get()
#5 /app/myapp/system/BaseModel.php(584): CodeIgniter\Model->doFindAll()
#6 /app/myapp/app/Models/Numerique_model.php(22): CodeIgniter\BaseModel->findAll()
#7 /app/myapp/app/Controllers/Numerique.php(16): App\Models\Numerique_model->retrieveAll()
#8 /app/myapp/system/CodeIgniter.php(825): App\Controllers\Numerique->index()
#9 /app/myapp/system/CodeIgniter.php(412): CodeIgniter\CodeIgniter->runController()
#10 /app/myapp/system/CodeIgniter.php(320): CodeIgniter\CodeIgniter->handleRequest()
#11 /app/myapp/public/index.php(37): CodeIgniter\CodeIgniter->run()
#12 {main}
CRITICAL - 2023-04-26 09:43:26 --> Class 'App\Models\Numerique_model' not found
#0 /app/myapp/system/CodeIgniter.php(825): App\Controllers\Numerique->index()
#1 /app/myapp/system/CodeIgniter.php(412): CodeIgniter\CodeIgniter->runController()
#2 /app/myapp/system/CodeIgniter.php(320): CodeIgniter\CodeIgniter->handleRequest()
#3 /app/myapp/public/index.php(37): CodeIgniter\CodeIgniter->run()
#4 {main}
